This is pdfTeX, Version 3.14159265-2.6-1.40.18 (TeX Live 2017/Debian) (preloaded format=latex 2018.10.12)  4 APR 2019 15:33
entering extended mode
 restricted \write18 enabled.
 %&-line parsing enabled.
**\makeatletter\def\HCode{\futurelet\HCode\HChar}\def\HChar{\ifx"\HCode\def\HCo
de"##1"{\Link##1}\expandafter\HCode\else\expandafter\Link\fi}\def\Link#1.a.b.c.
{\g@addto@macro\@documentclasshook{\RequirePackage[#1,html]{tex4ht}}\let\HCode\
documentstyle\def\documentstyle{\let\documentstyle\HCode\expandafter\def\csname
 tex4ht\endcsname{#1,html}\def\HCode####1{\documentstyle[tex4ht,}\@ifnextchar[{
\HCode}{\documentstyle[tex4ht]}}}\makeatother\HCode .a.b.c.\input  main.tex
(./main.tex (/usr/share/texlive/texmf-dist/tex/latex/abntex2/abntex2.cls
Document Class: abntex2 2016/02/26 v-1.9.6 abnTeX2
(/usr/share/texlive/texmf-dist/tex/latex/base/ifthen.sty
Package: ifthen 2014/09/29 v1.1c Standard LaTeX ifthen package (DPC)
)
(/usr/share/texlive/texmf-dist/tex/latex/memoir/memoir.cls
Document Class: memoir 2016/05/16 v3.7f configurable book, report, article docu
ment class
\onelineskip=\skip41
\lxvchars=\skip42
\xlvchars=\skip43
\@memcnta=\count79
\c@@memmarkcntra=\count80
(/usr/share/texlive/texmf-dist/tex/generic/oberdiek/ifpdf.sty
Package: ifpdf 2017/03/15 v3.2 Provides the ifpdf switch
)
(/usr/share/texlive/texmf-dist/tex/latex/ifetex/ifetex.sty
Package: ifetex 2011/12/15 v1.2 ifetex

(/usr/share/texlive/texmf-dist/tex/plain/ifetex/ifetex.tex))
(/usr/share/texlive/texmf-dist/tex/generic/ifxetex/ifxetex.sty
Package: ifxetex 2010/09/12 v0.6 Provides ifxetex conditional
)
(/usr/share/texlive/texmf-dist/tex/generic/oberdiek/ifluatex.sty
Package: ifluatex 2016/05/16 v1.4 Provides the ifluatex switch (HO)
Package ifluatex Info: LuaTeX not detected.
)
\stockheight=\skip44
\stockwidth=\skip45
\trimtop=\skip46
\trimedge=\skip47

(/usr/share/texlive/texmf-dist/tex/latex/memoir/mem12.clo
File: mem12.clo 2010/10/19 v0.4b memoir class 12pt size option
)
\binding=\skip48
\spinemargin=\skip49
\foremargin=\skip50
\uppermargin=\skip51
\lowermargin=\skip52
\headdrop=\skip53
\normalrulethickness=\skip54
\mem@maxheadheight=\skip55
\mem@maxfootheight=\skip56
\headwidth=\skip57
\c@storedpagenumber=\count81
\memPD=\dimen102
\m@mabparskip=\skip58
\thanksmarkwidth=\skip59
\thanksmarksep=\skip60
\droptitle=\skip61
\c@book=\count82
\c@part=\count83
\c@chapter=\count84
\c@section=\count85
\c@subsection=\count86
\c@subsubsection=\count87
\c@paragraph=\count88
\c@subparagraph=\count89
\beforechapskip=\skip62
\midchapskip=\skip63
\afterchapskip=\skip64
\chapindent=\skip65
\bottomsectionskip=\skip66
\secindent=\skip67
\beforesecskip=\skip68
\aftersecskip=\skip69
\subsecindent=\skip70
\beforesubsecskip=\skip71
\aftersubsecskip=\skip72
\subsubsecindent=\skip73
\beforesubsubsecskip=\skip74
\aftersubsubsecskip=\skip75
\paraindent=\skip76
\beforeparaskip=\skip77
\afterparaskip=\skip78
\subparaindent=\skip79
\beforesubparaskip=\skip80
\aftersubparaskip=\skip81
\pfbreakskip=\skip82
\c@@ppsavesec=\count90
\c@@ppsaveapp=\count91
\ragrparindent=\dimen103
\everylistparindent=\dimen104
\parsepi=\skip83
\topsepi=\skip84
\itemsepi=\skip85
\parsepii=\skip86
\topsepii=\skip87
\topsepiii=\skip88
\itemsepii=\skip89
\itemsepiii=\skip90
\partopsepii=\skip91
\partopsepiii=\skip92
\m@msavetopsep=\skip93
\m@msavepartopsep=\skip94
\@enLab=\toks14
\abstitleskip=\skip95
\absleftindent=\skip96
\abs@leftindent=\dimen105
\absrightindent=\skip97
\absparindent=\skip98
\absparsep=\skip99
\c@vslineno=\count92
\c@poemline=\count93
\c@modulo@vs=\count94
\c@memfvsline=\count95
\vleftskip=\skip100
\vrightskip=\skip101
\stanzaskip=\skip102
\versewidth=\skip103
\vgap=\skip104
\vindent=\skip105
\vleftmargin=\dimen106
\c@verse=\count96
\c@chrsinstr=\count97
\beforepoemtitleskip=\skip106
\afterpoemtitleskip=\skip107
\c@poem=\count98
\beforePoemTitleskip=\skip108
\midPoemTitleskip=\skip109
\afterPoemTitleskip=\skip110
\col@sep=\dimen107
\extrarowheight=\dimen108
\NC@list=\toks15
\extratabsurround=\skip111
\backup@length=\skip112
\TX@col@width=\dimen109
\TX@old@table=\dimen110
\TX@old@col=\dimen111
\TX@target=\dimen112
\TX@delta=\dimen113
\TX@cols=\count99
\TX@ftn=\toks16
\heavyrulewidth=\dimen114
\lightrulewidth=\dimen115
\cmidrulewidth=\dimen116
\belowrulesep=\dimen117
\belowbottomsep=\dimen118
\aboverulesep=\dimen119
\abovetopsep=\dimen120
\cmidrulesep=\dimen121
\cmidrulekern=\dimen122
\defaultaddspace=\dimen123
\@cmidla=\count100
\@cmidlb=\count101
\@aboverulesep=\dimen124
\@belowrulesep=\dimen125
\@thisruleclass=\count102
\@lastruleclass=\count103
\@thisrulewidth=\dimen126
\ctableftskip=\skip113
\ctabrightskip=\skip114
\abovecolumnspenalty=\count104
\@linestogo=\count105
\@cellstogo=\count106
\@cellsincolumn=\count107
\crtok=\toks17
\@mincolumnwidth=\dimen127
\c@newflo@tctr=\count108
\mem@margin@floatbox=\box26
\@contcwidth=\skip115
\@contindw=\skip116
\abovecaptionskip=\skip117
\belowcaptionskip=\skip118
\subfloattopskip=\skip119
\subfloatcapskip=\skip120
\subfloatcaptopadj=\skip121
\subfloatbottomskip=\skip122
\subfloatlabelskip=\skip123
\subfloatcapmargin=\dimen128
\c@@contsubnum=\count109
\m@mscap@capbox=\box27
\m@mscap@fbox=\box28
\sidecapsep=\dimen129
\sidecapwidth=\dimen130
\m@m@tempdima=\dimen131
\m@mscapraise=\dimen132
\sidecapraise=\dimen133
\m@mscapmainwidth=\dimen134
\m@mscaplkern=\dimen135
\beforeepigraphskip=\skip124
\afterepigraphskip=\skip125
\epigraphwidth=\skip126
\epigraphrule=\skip127
LaTeX Info: Redefining \em on input line 7551.
LaTeX Info: Redefining \emph on input line 7559.
\tocentryskip=\skip128
\tocbaseline=\skip129
\cftparskip=\skip130
\cftbeforebookskip=\skip131
\cftbookindent=\dimen136
\cftbooknumwidth=\dimen137
\cftbeforepartskip=\skip132
\cftpartindent=\skip133
\cftpartnumwidth=\skip134
\cftbeforechapterskip=\skip135
\cftchapterindent=\skip136
\cftchapternumwidth=\skip137
\cftbeforesectionskip=\skip138
\cftsectionindent=\skip139
\cftsectionnumwidth=\skip140
\cftbeforesubsectionskip=\skip141
\cftsubsectionindent=\skip142
\cftsubsectionnumwidth=\skip143
\cftbeforesubsubsectionskip=\skip144
\cftsubsubsectionindent=\skip145
\cftsubsubsectionnumwidth=\skip146
\cftbeforeparagraphskip=\skip147
\cftparagraphindent=\skip148
\cftparagraphnumwidth=\skip149
\cftbeforesubparagraphskip=\skip150
\cftsubparagraphindent=\skip151
\cftsubparagraphnumwidth=\skip152
\prechapterprecisshift=\dimen138
\c@maxsecnumdepth=\count110
\bibindent=\dimen139
\bibitemsep=\skip153
\indexcolsep=\skip154
\indexrule=\skip155
\indexmarkstyle=\toks18
\@indexbox=\insert199
\glossarycolsep=\dimen140
\glossaryrule=\dimen141
\sideparvshift=\skip156
\sideins=\insert198
\sidebartopsep=\skip157
\sidebarhsep=\skip158
\sidebarvsep=\skip159
\sidebarwidth=\skip160
\footmarkwidth=\skip161
\footmarksep=\skip162
\footparindent=\skip163
\footinsdim=\skip164
\footinsv@r=\insert197
\@mpfootinsv@r=\insert196
\m@m@k=\count111
\m@m@h=\dimen142
\m@mipn@skip=\skip165
\sidefootins=\insert195
\sidefootadjust=\skip166
\sidefootheight=\skip167
\sidefoothsep=\skip168
\sidefootvsep=\skip169
\sidefootwidth=\skip170
\m@mdownsf=\skip171
\c@sidefootnote=\count112
\sidefootmarkwidth=\skip172
\sidefootmarksep=\skip173
\sidefootparindent=\skip174
\c@pagenote=\count113
\c@pagenoteshadow=\count114
\mem@pn@lastkern=\skip175
\every@verbatim=\toks19
\afterevery@verbatim=\toks20
\verbatim@line=\toks21
\tab@position=\count115
\verbatim@in@stream=\read1
\verbatimindent=\skip176
\verbatim@out=\write3
\bvboxsep=\skip177
\c@memfbvline=\count116
\c@bvlinectr=\count117
\bvnumlength=\skip178
\fb@frw=\dimen143
\fb@frh=\dimen144
\FrameRule=\dimen145
\FrameSep=\dimen146
\c@cp@cntr=\count118
LaTeX Info: Redefining \: on input line 12068.
LaTeX Info: Redefining \! on input line 12070.
\c@ism@mctr=\count119
\c@xsm@mctr=\count120
\c@csm@mctr=\count121
\c@ksm@mctr=\count122
\c@xksm@mctr=\count123
\c@cksm@mctr=\count124
\c@msm@mctr=\count125
\c@xmsm@mctr=\count126
\c@cmsm@mctr=\count127
\c@bsm@mctr=\count128
\c@workm@mctr=\count129
\c@sheetsequence=\count130
\c@lastsheet=\count131
\c@lastpage=\count132
\c@figure=\count133
\c@lofdepth=\count134
\cftbeforefigureskip=\skip179
\cftfigureindent=\skip180
\cftfigurenumwidth=\skip181
\c@table=\count135
\c@lotdepth=\count136
\cftbeforetableskip=\skip182
\cfttableindent=\skip183
\cfttablenumwidth=\skip184
Package abstract [2008/07/23] emulated by memoir.
Package appendix [2008/07/23] emulated by memoir.
Package array [2008/09/09] emulated by memoir.
Package booktabs [2016/05/16] emulated by memoir.
Package ccaption [2008/07/23] emulated by memoir.
Package changepage [2008/07/23] emulated by memoir.
Package chngcntr [2008/07/23] emulated by memoir.
Package chngpage [2008/07/23] emulated by memoir.
Package crop emulated by memoir.
Package dcolumn [2008/07/23] emulated by memoir.
Package delarray [2008/07/23] emulated by memoir.
Package enumerate [2008/07/23] emulated by memoir.
Package epigraph [2008/07/23] emulated by memoir.
Package ifmtarg [2008/07/23] emulated by memoir.
Package index [2008/07/23] emulated by memoir.
Package makeidx [2008/07/23] emulated by memoir.
Package moreverb [2008/07/23] emulated by memoir.
Package mparhack [2008/07/23] emulated by memoir.
Package needspace [2008/07/23] emulated by memoir.
Package newfile [2008/07/23] emulated by memoir.
Package nextpage [2008/07/23] emulated by memoir.
Package pagenote [2008/07/23] emulated by memoir.
Package parskip [2008/07/23] emulated by memoir.
Package patchcmd [2008/07/23] emulated by memoir.
Package setspace [2008/07/23] emulated by memoir.
Package shortvrb [2008/07/23] emulated by memoir.
Package showidx [2008/07/23] emulated by memoir.
Package tabularx [2008/07/23] emulated by memoir.
Package titleref [2008/07/23] emulated by memoir.
Package titling [2008/07/23] emulated by memoir.
Package tocbibind [2008/07/23] emulated by memoir.
Package tocloft [2008/07/23] emulated by memoir.
Package tocvsec2 [2008/07/23] emulated by memoir.
Package verbatim [2008/07/23] emulated by memoir.
Package verse [2008/07/23] emulated by memoir.

(/usr/share/texlive/texmf-dist/tex/latex/memoir/mempatch.sty
Package: mempatch 2009/07/24 v6.0f Patches for memoir class v1.6180339
))
(/usr/share/texlive/texmf-dist/tex/latex/textcase/textcase.sty
Package: textcase 2004/10/07 v0.07 Text only upper/lower case changing (DPC)
LaTeX Info: Redefining \MakeTextUppercase on input line 47.
LaTeX Info: Redefining \MakeTextLowercase on input line 50.
)
(/usr/share/texlive/texmf-dist/tex/latex/hyperref/hyperref.sty
Package: hyperref 2018/02/06 v6.86b Hypertext links for LaTeX

(/usr/share/texlive/texmf-dist/tex/generic/oberdiek/hobsub-hyperref.sty
Package: hobsub-hyperref 2016/05/16 v1.14 Bundle oberdiek, subset hyperref (HO)


(/usr/share/texlive/texmf-dist/tex/generic/oberdiek/hobsub-generic.sty
Package: hobsub-generic 2016/05/16 v1.14 Bundle oberdiek, subset generic (HO)
Package: hobsub 2016/05/16 v1.14 Construct package bundles (HO)
Package: infwarerr 2016/05/16 v1.4 Providing info/warning/error messages (HO)
Package: ltxcmds 2016/05/16 v1.23 LaTeX kernel commands for general use (HO)
Package hobsub Info: Skipping package `ifluatex' (already loaded).
Package: ifvtex 2016/05/16 v1.6 Detect VTeX and its facilities (HO)
Package ifvtex Info: VTeX not detected.
Package: intcalc 2016/05/16 v1.2 Expandable calculations with integers (HO)
Package hobsub Info: Skipping package `ifpdf' (already loaded).
Package: etexcmds 2016/05/16 v1.6 Avoid name clashes with e-TeX commands (HO)
Package etexcmds Info: Could not find \expanded.
(etexcmds)             That can mean that you are not using pdfTeX 1.50 or
(etexcmds)             that some package has redefined \expanded.
(etexcmds)             In the latter case, load this package earlier.
Package: kvsetkeys 2016/05/16 v1.17 Key value parser (HO)
Package: kvdefinekeys 2016/05/16 v1.4 Define keys (HO)
Package: pdftexcmds 2018/01/21 v0.26 Utility functions of pdfTeX for LuaTeX (HO
)
Package pdftexcmds Info: LuaTeX not detected.
Package pdftexcmds Info: \pdf@primitive is available.
Package pdftexcmds Info: \pdf@ifprimitive is available.
Package pdftexcmds Info: \pdfdraftmode is ignored in DVI mode.
Package: pdfescape 2016/05/16 v1.14 Implements pdfTeX's escape features (HO)
Package: bigintcalc 2016/05/16 v1.4 Expandable calculations on big integers (HO
)
Package: bitset 2016/05/16 v1.2 Handle bit-vector datatype (HO)
Package: uniquecounter 2016/05/16 v1.3 Provide unlimited unique counter (HO)
)
Package hobsub Info: Skipping package `hobsub' (already loaded).
Package: letltxmacro 2016/05/16 v1.5 Let assignment for LaTeX macros (HO)
Package: hopatch 2016/05/16 v1.3 Wrapper for package hooks (HO)
Package: xcolor-patch 2016/05/16 xcolor patch
Package: atveryend 2016/05/16 v1.9 Hooks at the very end of document (HO)
Package atveryend Info: \enddocument detected (standard20110627).
Package: atbegshi 2016/06/09 v1.18 At begin shipout hook (HO)
Package: refcount 2016/05/16 v3.5 Data extraction from label references (HO)
Package: hycolor 2016/05/16 v1.8 Color options for hyperref/bookmark (HO)
)
(/usr/share/texlive/texmf-dist/tex/latex/graphics/keyval.sty
Package: keyval 2014/10/28 v1.15 key=value parser (DPC)
\KV@toks@=\toks22
)
(/usr/share/texlive/texmf-dist/tex/latex/oberdiek/auxhook.sty
Package: auxhook 2016/05/16 v1.4 Hooks for auxiliary files (HO)
)
(/usr/share/texlive/texmf-dist/tex/latex/oberdiek/kvoptions.sty
Package: kvoptions 2016/05/16 v3.12 Key value format for package options (HO)
)
\@linkdim=\dimen147
\Hy@linkcounter=\count137
\Hy@pagecounter=\count138

(/usr/share/texlive/texmf-dist/tex/latex/hyperref/pd1enc.def
File: pd1enc.def 2018/02/06 v6.86b Hyperref: PDFDocEncoding definition (HO)
)
\Hy@SavedSpaceFactor=\count139

(/usr/share/texlive/texmf-dist/tex/latex/latexconfig/hyperref.cfg
File: hyperref.cfg 2002/06/06 v1.2 hyperref configuration of TeXLive
)
Package hyperref Info: Option `colorlinks' set `true' on input line 4383.
Package hyperref Info: Hyper figures OFF on input line 4509.
Package hyperref Info: Link nesting OFF on input line 4514.
Package hyperref Info: Hyper index ON on input line 4517.
Package hyperref Info: Plain pages OFF on input line 4524.
Package hyperref Info: Backreferencing OFF on input line 4529.
Package hyperref Info: Implicit mode ON; LaTeX internals redefined.
Package hyperref Info: Bookmarks ON on input line 4762.
\c@Hy@tempcnt=\count140

(/usr/share/texlive/texmf-dist/tex/latex/url/url.sty
\Urlmuskip=\muskip10
Package: url 2013/09/16  ver 3.4  Verb mode for urls, etc.
)
LaTeX Info: Redefining \url on input line 5115.
\XeTeXLinkMargin=\dimen148
\Fld@menulength=\count141
\Field@Width=\dimen149
\Fld@charsize=\dimen150
\Field@toks=\toks23
Package hyperref Info: Hyper figures OFF on input line 6369.
Package hyperref Info: Link nesting OFF on input line 6374.
Package hyperref Info: Hyper index ON on input line 6377.
Package hyperref Info: backreferencing OFF on input line 6384.
Package hyperref Info: Link coloring ON on input line 6387.
Package hyperref Info: Link coloring with OCG OFF on input line 6394.
Package hyperref Info: PDF/A mode OFF on input line 6399.
LaTeX Info: Redefining \ref on input line 6439.
LaTeX Info: Redefining \pageref on input line 6443.
\Hy@abspage=\count142


Package hyperref Message: Stopped early.

) (/usr/share/texlive/texmf-dist/tex/latex/memoir/memhfixc.sty
Package: memhfixc 2013/05/30 v1.17 nameref/hyperref package fixes for memoir cl
ass
\c@memhycontfloat=\count143
\c@Hpagenote=\count144
)
Package hyperref Info: Driver: htex4ht.

(/usr/share/texlive/texmf-dist/tex/latex/hyperref/htex4ht.def
File: htex4ht.def 2018/02/06 v6.86b Hyperref driver for TeX4ht

(/usr/share/texlive/texmf-dist/tex/generic/tex4ht/tex4ht.sty
version 2018-02-11-15:01
Package: tex4ht 
--------------------------------------
--- Note --- for _ at preamble, use the command line option `early_'
--------------------------------------
--------------------------------------
--- Note --- for ^ at preamble, use the command line option `early^'
--------------------------------------
\tmp:toks=\toks24
))
(/usr/share/texlive/texmf-dist/tex/generic/tex4ht/usepackage.4ht)
(/usr/share/texlive/texmf-dist/tex/latex/oberdiek/bookmark.sty
Package: bookmark 2016/05/17 v1.26 PDF bookmarks (HO)

(/usr/share/texlive/texmf-dist/tex/latex/oberdiek/bkm-dvips.def
File: bkm-dvips.def 2016/05/17 v1.26 bookmark driver for dvips (HO)
\BKM@id=\count145
))
(/usr/share/texlive/texmf-dist/tex/generic/babel/babel.sty
Package: babel 2018/02/14 3.18 The Babel package

(/usr/share/texlive/texmf-dist/tex/generic/babel/switch.def
File: switch.def 2018/02/14 3.18 Babel switching mechanism
)
(/usr/share/texlive/texmf-dist/tex/generic/babel-portuges/portuges.ldf
Language: portuges 2008/03/18 v1.2q Portuguese support from the babel system

(/usr/share/texlive/texmf-dist/tex/generic/babel/babel.def
File: babel.def 2018/02/14 3.18 Babel common definitions
\babel@savecnt=\count146
\U@D=\dimen151

(/usr/share/texlive/texmf-dist/tex/generic/babel/txtbabel.def)
\bbl@dirlevel=\count147
)
\l@brazil = a dialect from \language\l@portuges 
Package babel Info: Making " an active character on input line 145.
))
(/usr/share/texlive/texmf-dist/tex/latex/enumitem/enumitem.sty
Package: enumitem 2011/09/28 v3.5.2 Customized lists
\labelindent=\skip185
\enit@outerparindent=\dimen152
\enit@toks=\toks25
\enit@inbox=\box29
\enitdp@description=\count148
)
(/usr/share/texlive/texmf-dist/tex/latex/tools/calc.sty
Package: calc 2014/10/28 v4.3 Infix arithmetic (KKT,FJ)
\calc@Acount=\count149
\calc@Bcount=\count150
\calc@Adimen=\dimen153
\calc@Bdimen=\dimen154
\calc@Askip=\skip186
\calc@Bskip=\skip187
LaTeX Info: Redefining \setlength on input line 80.
LaTeX Info: Redefining \addtolength on input line 81.
\calc@Ccount=\count151
\calc@Cskip=\skip188
)

******************************************************
Stock height and width: 794.96999pt by 614.295pt
Top and edge trims: 0pt and 0pt
Page height and width: 794.96999pt by 614.295pt
Text height and width: 664.5pt by 472pt
Spine and edge margins: 85.35826pt and 56.9055pt
Upper and lower margins: 85.35826pt and 45.11172pt
Headheight and headsep: 14.5pt and 19.8738pt
Footskip: 30pt
Columnsep and columnseprule: 10pt and 0pt
Marginparsep and marginparwidth: 7pt and 42.9055pt
Sidecapsep and sidecapwidth: 7pt and 50pt
Sidebarhsep and sidebarwidth: 7pt and 50pt
Sidebarvsep and sidebartopsep: 14.5pt and 0pt
Sidebarheight: 546.64995pt
Sidefoothsep and sidefootwidth: 7pt and 50pt
Sidefootvsep and sidefootheight: 14.5pt and 546.64995pt
******************************************************

\c@abntex@bookmarkcounter=\count152
\cftlastnumwidth=\skip189
\chapternamenumlength=\skip190
\ABNTEXcitacaorecuo=\skip191
\c@alineasi=\count153
\c@alineasii=\count154
\enitdp@alineas=\count155
\c@subalineasi=\count156
\enitdp@subalineas=\count157
\c@incisosi=\count158
\enitdp@incisos=\count159
\ABNTEXsignwidth=\skip192
\ABNTEXsignthickness=\skip193
\ABNTEXsignskip=\skip194
) (./settings/packages.tex (./meupreambulo.sty
Package: meupreambulo 2010/07/28 BBischof's custom LaTeX style

(/usr/share/texlive/texmf-dist/tex/latex/abntex2/abntex2cite.sty
Package: abntex2cite 2016/02/26 v-1.9.6 abnTeX2

(/usr/share/texlive/texmf-dist/tex/latex/abntex2/abntex2abrev.sty)
\minimumbiblabelwidth=\skip256
\ABCIauxlen=\skip257
\c@ABCIaux=\count160
\c@ABCImax=\count161

(/usr/share/texlive/texmf-dist/tex/latex/relsize/relsize.sty
Package: relsize 2013/03/29 ver 4.1
)
\biblabelsep=\skip258
LaTeX Info: Redefining \newblock on input line 591.
LaTeX Info: Redefining \cite on input line 618.
\ABCItoken=\toks26
)
(/usr/share/texlive/texmf-dist/tex/latex/base/inputenc.sty
Package: inputenc 2015/03/17 v1.2c Input encoding file
\inpenc@prehook=\toks27
\inpenc@posthook=\toks28

(/usr/share/texlive/texmf-dist/tex/latex/base/utf8.def
File: utf8.def 2017/01/28 v1.1t UTF-8 support for inputenc
Now handling font encoding OML ...
... no UTF-8 mapping file for font encoding OML
Now handling font encoding T1 ...
... processing UTF-8 mapping file for font encoding T1

(/usr/share/texlive/texmf-dist/tex/latex/base/t1enc.dfu
File: t1enc.dfu 2017/01/28 v1.1t UTF-8 support for inputenc
   defining Unicode char U+00A0 (decimal 160)
   defining Unicode char U+00A1 (decimal 161)
   defining Unicode char U+00A3 (decimal 163)
   defining Unicode char U+00AB (decimal 171)
   defining Unicode char U+00AD (decimal 173)
   defining Unicode char U+00BB (decimal 187)
   defining Unicode char U+00BF (decimal 191)
   defining Unicode char U+00C0 (decimal 192)
   defining Unicode char U+00C1 (decimal 193)
   defining Unicode char U+00C2 (decimal 194)
   defining Unicode char U+00C3 (decimal 195)
   defining Unicode char U+00C4 (decimal 196)
   defining Unicode char U+00C5 (decimal 197)
   defining Unicode char U+00C6 (decimal 198)
   defining Unicode char U+00C7 (decimal 199)
   defining Unicode char U+00C8 (decimal 200)
   defining Unicode char U+00C9 (decimal 201)
   defining Unicode char U+00CA (decimal 202)
   defining Unicode char U+00CB (decimal 203)
   defining Unicode char U+00CC (decimal 204)
   defining Unicode char U+00CD (decimal 205)
   defining Unicode char U+00CE (decimal 206)
   defining Unicode char U+00CF (decimal 207)
   defining Unicode char U+00D0 (decimal 208)
   defining Unicode char U+00D1 (decimal 209)
   defining Unicode char U+00D2 (decimal 210)
   defining Unicode char U+00D3 (decimal 211)
   defining Unicode char U+00D4 (decimal 212)
   defining Unicode char U+00D5 (decimal 213)
   defining Unicode char U+00D6 (decimal 214)
   defining Unicode char U+00D8 (decimal 216)
   defining Unicode char U+00D9 (decimal 217)
   defining Unicode char U+00DA (decimal 218)
   defining Unicode char U+00DB (decimal 219)
   defining Unicode char U+00DC (decimal 220)
   defining Unicode char U+00DD (decimal 221)
   defining Unicode char U+00DE (decimal 222)
   defining Unicode char U+00DF (decimal 223)
   defining Unicode char U+00E0 (decimal 224)
   defining Unicode char U+00E1 (decimal 225)
   defining Unicode char U+00E2 (decimal 226)
   defining Unicode char U+00E3 (decimal 227)
   defining Unicode char U+00E4 (decimal 228)
   defining Unicode char U+00E5 (decimal 229)
   defining Unicode char U+00E6 (decimal 230)
   defining Unicode char U+00E7 (decimal 231)
   defining Unicode char U+00E8 (decimal 232)
   defining Unicode char U+00E9 (decimal 233)
   defining Unicode char U+00EA (decimal 234)
   defining Unicode char U+00EB (decimal 235)
   defining Unicode char U+00EC (decimal 236)
   defining Unicode char U+00ED (decimal 237)
   defining Unicode char U+00EE (decimal 238)
   defining Unicode char U+00EF (decimal 239)
   defining Unicode char U+00F0 (decimal 240)
   defining Unicode char U+00F1 (decimal 241)
   defining Unicode char U+00F2 (decimal 242)
   defining Unicode char U+00F3 (decimal 243)
   defining Unicode char U+00F4 (decimal 244)
   defining Unicode char U+00F5 (decimal 245)
   defining Unicode char U+00F6 (decimal 246)
   defining Unicode char U+00F8 (decimal 248)
   defining Unicode char U+00F9 (decimal 249)
   defining Unicode char U+00FA (decimal 250)
   defining Unicode char U+00FB (decimal 251)
   defining Unicode char U+00FC (decimal 252)
   defining Unicode char U+00FD (decimal 253)
   defining Unicode char U+00FE (decimal 254)
   defining Unicode char U+00FF (decimal 255)
   defining Unicode char U+0100 (decimal 256)
   defining Unicode char U+0101 (decimal 257)
   defining Unicode char U+0102 (decimal 258)
   defining Unicode char U+0103 (decimal 259)
   defining Unicode char U+0104 (decimal 260)
   defining Unicode char U+0105 (decimal 261)
   defining Unicode char U+0106 (decimal 262)
   defining Unicode char U+0107 (decimal 263)
   defining Unicode char U+0108 (decimal 264)
   defining Unicode char U+0109 (decimal 265)
   defining Unicode char U+010A (decimal 266)
   defining Unicode char U+010B (decimal 267)
   defining Unicode char U+010C (decimal 268)
   defining Unicode char U+010D (decimal 269)
   defining Unicode char U+010E (decimal 270)
   defining Unicode char U+010F (decimal 271)
   defining Unicode char U+0110 (decimal 272)
   defining Unicode char U+0111 (decimal 273)
   defining Unicode char U+0112 (decimal 274)
   defining Unicode char U+0113 (decimal 275)
   defining Unicode char U+0114 (decimal 276)
   defining Unicode char U+0115 (decimal 277)
   defining Unicode char U+0116 (decimal 278)
   defining Unicode char U+0117 (decimal 279)
   defining Unicode char U+0118 (decimal 280)
   defining Unicode char U+0119 (decimal 281)
   defining Unicode char U+011A (decimal 282)
   defining Unicode char U+011B (decimal 283)
   defining Unicode char U+011C (decimal 284)
   defining Unicode char U+011D (decimal 285)
   defining Unicode char U+011E (decimal 286)
   defining Unicode char U+011F (decimal 287)
   defining Unicode char U+0120 (decimal 288)
   defining Unicode char U+0121 (decimal 289)
   defining Unicode char U+0122 (decimal 290)
   defining Unicode char U+0123 (decimal 291)
   defining Unicode char U+0124 (decimal 292)
   defining Unicode char U+0125 (decimal 293)
   defining Unicode char U+0128 (decimal 296)
   defining Unicode char U+0129 (decimal 297)
   defining Unicode char U+012A (decimal 298)
   defining Unicode char U+012B (decimal 299)
   defining Unicode char U+012C (decimal 300)
   defining Unicode char U+012D (decimal 301)
   defining Unicode char U+012E (decimal 302)
   defining Unicode char U+012F (decimal 303)
   defining Unicode char U+0130 (decimal 304)
   defining Unicode char U+0131 (decimal 305)
   defining Unicode char U+0132 (decimal 306)
   defining Unicode char U+0133 (decimal 307)
   defining Unicode char U+0134 (decimal 308)
   defining Unicode char U+0135 (decimal 309)
   defining Unicode char U+0136 (decimal 310)
   defining Unicode char U+0137 (decimal 311)
   defining Unicode char U+0139 (decimal 313)
   defining Unicode char U+013A (decimal 314)
   defining Unicode char U+013B (decimal 315)
   defining Unicode char U+013C (decimal 316)
   defining Unicode char U+013D (decimal 317)
   defining Unicode char U+013E (decimal 318)
   defining Unicode char U+0141 (decimal 321)
   defining Unicode char U+0142 (decimal 322)
   defining Unicode char U+0143 (decimal 323)
   defining Unicode char U+0144 (decimal 324)
   defining Unicode char U+0145 (decimal 325)
   defining Unicode char U+0146 (decimal 326)
   defining Unicode char U+0147 (decimal 327)
   defining Unicode char U+0148 (decimal 328)
   defining Unicode char U+014A (decimal 330)
   defining Unicode char U+014B (decimal 331)
   defining Unicode char U+014C (decimal 332)
   defining Unicode char U+014D (decimal 333)
   defining Unicode char U+014E (decimal 334)
   defining Unicode char U+014F (decimal 335)
   defining Unicode char U+0150 (decimal 336)
   defining Unicode char U+0151 (decimal 337)
   defining Unicode char U+0152 (decimal 338)
   defining Unicode char U+0153 (decimal 339)
   defining Unicode char U+0154 (decimal 340)
   defining Unicode char U+0155 (decimal 341)
   defining Unicode char U+0156 (decimal 342)
   defining Unicode char U+0157 (decimal 343)
   defining Unicode char U+0158 (decimal 344)
   defining Unicode char U+0159 (decimal 345)
   defining Unicode char U+015A (decimal 346)
   defining Unicode char U+015B (decimal 347)
   defining Unicode char U+015C (decimal 348)
   defining Unicode char U+015D (decimal 349)
   defining Unicode char U+015E (decimal 350)
   defining Unicode char U+015F (decimal 351)
   defining Unicode char U+0160 (decimal 352)
   defining Unicode char U+0161 (decimal 353)
   defining Unicode char U+0162 (decimal 354)
   defining Unicode char U+0163 (decimal 355)
   defining Unicode char U+0164 (decimal 356)
   defining Unicode char U+0165 (decimal 357)
   defining Unicode char U+0168 (decimal 360)
   defining Unicode char U+0169 (decimal 361)
   defining Unicode char U+016A (decimal 362)
   defining Unicode char U+016B (decimal 363)
   defining Unicode char U+016C (decimal 364)
   defining Unicode char U+016D (decimal 365)
   defining Unicode char U+016E (decimal 366)
   defining Unicode char U+016F (decimal 367)
   defining Unicode char U+0170 (decimal 368)
   defining Unicode char U+0171 (decimal 369)
   defining Unicode char U+0172 (decimal 370)
   defining Unicode char U+0173 (decimal 371)
   defining Unicode char U+0174 (decimal 372)
   defining Unicode char U+0175 (decimal 373)
   defining Unicode char U+0176 (decimal 374)
   defining Unicode char U+0177 (decimal 375)
   defining Unicode char U+0178 (decimal 376)
   defining Unicode char U+0179 (decimal 377)
   defining Unicode char U+017A (decimal 378)
   defining Unicode char U+017B (decimal 379)
   defining Unicode char U+017C (decimal 380)
   defining Unicode char U+017D (decimal 381)
   defining Unicode char U+017E (decimal 382)
   defining Unicode char U+01CD (decimal 461)
   defining Unicode char U+01CE (decimal 462)
   defining Unicode char U+01CF (decimal 463)
   defining Unicode char U+01D0 (decimal 464)
   defining Unicode char U+01D1 (decimal 465)
   defining Unicode char U+01D2 (decimal 466)
   defining Unicode char U+01D3 (decimal 467)
   defining Unicode char U+01D4 (decimal 468)
   defining Unicode char U+01E2 (decimal 482)
   defining Unicode char U+01E3 (decimal 483)
   defining Unicode char U+01E6 (decimal 486)
   defining Unicode char U+01E7 (decimal 487)
   defining Unicode char U+01E8 (decimal 488)
   defining Unicode char U+01E9 (decimal 489)
   defining Unicode char U+01EA (decimal 490)
   defining Unicode char U+01EB (decimal 491)
   defining Unicode char U+01F0 (decimal 496)
   defining Unicode char U+01F4 (decimal 500)
   defining Unicode char U+01F5 (decimal 501)
   defining Unicode char U+0218 (decimal 536)
   defining Unicode char U+0219 (decimal 537)
   defining Unicode char U+021A (decimal 538)
   defining Unicode char U+021B (decimal 539)
   defining Unicode char U+0232 (decimal 562)
   defining Unicode char U+0233 (decimal 563)
   defining Unicode char U+1E02 (decimal 7682)
   defining Unicode char U+1E03 (decimal 7683)
   defining Unicode char U+200C (decimal 8204)
   defining Unicode char U+2010 (decimal 8208)
   defining Unicode char U+2011 (decimal 8209)
   defining Unicode char U+2012 (decimal 8210)
   defining Unicode char U+2013 (decimal 8211)
   defining Unicode char U+2014 (decimal 8212)
   defining Unicode char U+2015 (decimal 8213)
   defining Unicode char U+2018 (decimal 8216)
   defining Unicode char U+2019 (decimal 8217)
   defining Unicode char U+201A (decimal 8218)
   defining Unicode char U+201C (decimal 8220)
   defining Unicode char U+201D (decimal 8221)
   defining Unicode char U+201E (decimal 8222)
   defining Unicode char U+2030 (decimal 8240)
   defining Unicode char U+2031 (decimal 8241)
   defining Unicode char U+2039 (decimal 8249)
   defining Unicode char U+203A (decimal 8250)
   defining Unicode char U+2423 (decimal 9251)
   defining Unicode char U+1E20 (decimal 7712)
   defining Unicode char U+1E21 (decimal 7713)
)
Now handling font encoding OT1 ...
... processing UTF-8 mapping file for font encoding OT1

(/usr/share/texlive/texmf-dist/tex/latex/base/ot1enc.dfu
File: ot1enc.dfu 2017/01/28 v1.1t UTF-8 support for inputenc
   defining Unicode char U+00A0 (decimal 160)
   defining Unicode char U+00A1 (decimal 161)
   defining Unicode char U+00A3 (decimal 163)
   defining Unicode char U+00AD (decimal 173)
   defining Unicode char U+00B8 (decimal 184)
   defining Unicode char U+00BF (decimal 191)
   defining Unicode char U+00C5 (decimal 197)
   defining Unicode char U+00C6 (decimal 198)
   defining Unicode char U+00D8 (decimal 216)
   defining Unicode char U+00DF (decimal 223)
   defining Unicode char U+00E6 (decimal 230)
   defining Unicode char U+00EC (decimal 236)
   defining Unicode char U+00ED (decimal 237)
   defining Unicode char U+00EE (decimal 238)
   defining Unicode char U+00EF (decimal 239)
   defining Unicode char U+00F8 (decimal 248)
   defining Unicode char U+0131 (decimal 305)
   defining Unicode char U+0141 (decimal 321)
   defining Unicode char U+0142 (decimal 322)
   defining Unicode char U+0152 (decimal 338)
   defining Unicode char U+0153 (decimal 339)
   defining Unicode char U+0174 (decimal 372)
   defining Unicode char U+0175 (decimal 373)
   defining Unicode char U+0176 (decimal 374)
   defining Unicode char U+0177 (decimal 375)
   defining Unicode char U+0218 (decimal 536)
   defining Unicode char U+0219 (decimal 537)
   defining Unicode char U+021A (decimal 538)
   defining Unicode char U+021B (decimal 539)
   defining Unicode char U+2013 (decimal 8211)
   defining Unicode char U+2014 (decimal 8212)
   defining Unicode char U+2018 (decimal 8216)
   defining Unicode char U+2019 (decimal 8217)
   defining Unicode char U+201C (decimal 8220)
   defining Unicode char U+201D (decimal 8221)
)
Now handling font encoding OMS ...
... processing UTF-8 mapping file for font encoding OMS

(/usr/share/texlive/texmf-dist/tex/latex/base/omsenc.dfu
File: omsenc.dfu 2017/01/28 v1.1t UTF-8 support for inputenc
   defining Unicode char U+00A7 (decimal 167)
   defining Unicode char U+00B6 (decimal 182)
   defining Unicode char U+00B7 (decimal 183)
   defining Unicode char U+2020 (decimal 8224)
   defining Unicode char U+2021 (decimal 8225)
   defining Unicode char U+2022 (decimal 8226)
)
Now handling font encoding OMX ...
... no UTF-8 mapping file for font encoding OMX
Now handling font encoding U ...
... no UTF-8 mapping file for font encoding U
Now handling font encoding PD1 ...
... no UTF-8 mapping file for font encoding PD1
   defining Unicode char U+00A9 (decimal 169)
   defining Unicode char U+00AA (decimal 170)
   defining Unicode char U+00AE (decimal 174)
   defining Unicode char U+00BA (decimal 186)
   defining Unicode char U+02C6 (decimal 710)
   defining Unicode char U+02DC (decimal 732)
   defining Unicode char U+200C (decimal 8204)
   defining Unicode char U+2026 (decimal 8230)
   defining Unicode char U+2122 (decimal 8482)
   defining Unicode char U+2423 (decimal 9251)
))
(/usr/share/texlive/texmf-dist/tex/latex/natbib/bibentry.sty
Package: bibentry 2007/10/30 1.5 (PWD)
)
(/usr/share/texlive/texmf-dist/tex/latex/graphics/graphicx.sty
Package: graphicx 2017/06/01 v1.1a Enhanced LaTeX Graphics (DPC,SPQR)

(/usr/share/texlive/texmf-dist/tex/latex/graphics/graphics.sty
Package: graphics 2017/06/25 v1.2c Standard LaTeX Graphics (DPC,SPQR)

(/usr/share/texlive/texmf-dist/tex/latex/graphics/trig.sty
Package: trig 2016/01/03 v1.10 sin cos tan (DPC)
)
(/usr/share/texlive/texmf-dist/tex/latex/graphics-cfg/graphics.cfg
File: graphics.cfg 2016/06/04 v1.11 sample graphics configuration
)
Package graphics Info: Driver file: dvips.def on input line 99.

(/usr/share/texlive/texmf-dist/tex/latex/graphics-def/dvips.def
File: dvips.def 2017/06/20 v3.1d Graphics/color driver for dvips
))
\Gin@req@height=\dimen155
\Gin@req@width=\dimen156
)
(/usr/share/texlive/texmf-dist/tex/latex/float/float.sty
Package: float 2001/11/08 v1.3d Float enhancements (AL)
\c@float@type=\count162
\float@exts=\toks29
\float@box=\box30
\@float@everytoks=\toks30
\@floatcapt=\box31
)

Class memoir Warning: You are using the caption package with the memoir class. 
To prepare we will now reset all captioning macros and configurations to kernel
 defaults, and then let the caption package take over. Please remember to use
 the caption package interfaces in order to
 configure your captions.

(/usr/share/texlive/texmf-dist/tex/latex/caption/caption.sty
Package: caption 2016/02/21 v3.3-144 Customizing captions (AR)

(/usr/share/texlive/texmf-dist/tex/latex/caption/caption3.sty
Package: caption3 2016/05/22 v1.7-166 caption3 kernel (AR)
Package caption3 Info: TeX engine: e-TeX on input line 67.
\captionmargin=\dimen157
\captionmargin@=\dimen158
\captionwidth=\dimen159
\caption@tempdima=\dimen160
\caption@indent=\dimen161
\caption@parindent=\dimen162
\caption@hangindent=\dimen163
)
\c@ContinuedFloat=\count163
Package caption Info: float package is loaded.
Package caption Info: hyperref package is loaded.
Package caption Info: Hyperref support is turned off
(caption)             because hyperref has stopped early.
)
(/usr/share/texlive/texmf-dist/tex/latex/titlesec/titlesec.sty
Package: titlesec 2016/03/21 v2.10.2 Sectioning titles
\ttl@box=\box32
\beforetitleunit=\skip259
\aftertitleunit=\skip260
\ttl@plus=\dimen164
\ttl@minus=\dimen165
\ttl@toksa=\toks31
\titlewidth=\dimen166
\titlewidthlast=\dimen167
\titlewidthfirst=\dimen168
)
(/usr/share/texlive/texmf-dist/tex/latex/tools/indentfirst.sty
Package: indentfirst 1995/11/23 v1.03 Indent first paragraph (DPC)
)
(/usr/share/texlive/texmf-dist/tex/latex/amsmath/amsmath.sty
Package: amsmath 2017/09/02 v2.17a AMS math features
\@mathmargin=\skip261

For additional information on amsmath, use the `?' option.
(/usr/share/texlive/texmf-dist/tex/latex/amsmath/amstext.sty
Package: amstext 2000/06/29 v2.01 AMS text

(/usr/share/texlive/texmf-dist/tex/latex/amsmath/amsgen.sty
File: amsgen.sty 1999/11/30 v2.0 generic functions
\@emptytoks=\toks32
\ex@=\dimen169
))
(/usr/share/texlive/texmf-dist/tex/latex/amsmath/amsbsy.sty
Package: amsbsy 1999/11/29 v1.2d Bold Symbols
\pmbraise@=\dimen170
)
(/usr/share/texlive/texmf-dist/tex/latex/amsmath/amsopn.sty
Package: amsopn 2016/03/08 v2.02 operator names
)
\inf@bad=\count164
LaTeX Info: Redefining \frac on input line 213.
\uproot@=\count165
\leftroot@=\count166
LaTeX Info: Redefining \overline on input line 375.
\classnum@=\count167
\DOTSCASE@=\count168
LaTeX Info: Redefining \ldots on input line 472.
LaTeX Info: Redefining \dots on input line 475.
LaTeX Info: Redefining \cdots on input line 596.
\Mathstrutbox@=\box33
\strutbox@=\box34
\big@size=\dimen171
LaTeX Font Info:    Redeclaring font encoding OML on input line 712.
LaTeX Font Info:    Redeclaring font encoding OMS on input line 713.
\macc@depth=\count169
\c@MaxMatrixCols=\count170
\dotsspace@=\muskip11
\c@parentequation=\count171
\dspbrk@lvl=\count172
\tag@help=\toks33
\row@=\count173
\column@=\count174
\maxfields@=\count175
\andhelp@=\toks34
\eqnshift@=\dimen172
\alignsep@=\dimen173
\tagshift@=\dimen174
\tagwidth@=\dimen175
\totwidth@=\dimen176
\lineht@=\dimen177
\@envbody=\toks35
\multlinegap=\skip262
\multlinetaggap=\skip263
\mathdisplay@stack=\toks36
LaTeX Info: Redefining \[ on input line 2817.
LaTeX Info: Redefining \] on input line 2818.
)
(/usr/share/texlive/texmf-dist/tex/latex/csquotes/csquotes.sty
Package: csquotes 2018/02/11 v5.2c context-sensitive quotations (JAW)

(/usr/share/texlive/texmf-dist/tex/latex/etoolbox/etoolbox.sty
Package: etoolbox 2018/02/11 v2.5e e-TeX tools for LaTeX (JAW)
\etb@tempcnta=\count176
)
\csq@reset=\count177
\csq@gtype=\count178
\csq@glevel=\count179
\csq@qlevel=\count180
\csq@maxlvl=\count181
\csq@tshold=\count182
\csq@ltx@everypar=\toks37

(/usr/share/texlive/texmf-dist/tex/latex/csquotes/csquotes.def
File: csquotes.def 2018/02/11 v5.2c csquotes generic definitions (JAW)
)
Package csquotes Info: Trying to load configuration file 'csquotes.cfg'...
Package csquotes Info: ... configuration file loaded successfully.

(/usr/share/texlive/texmf-dist/tex/latex/csquotes/csquotes.cfg
File: csquotes.cfg 
))
(/usr/share/texlive/texmf-dist/tex/latex/lipsum/lipsum.sty
Package: lipsum 2014/07/27 v1.3 150 paragraphs of Lorem Ipsum dummy text
\c@lips@count=\count183
)
(/usr/share/texlive/texmf-dist/tex/latex/footmisc/footmisc.sty
Package: footmisc 2011/06/06 v5.5b a miscellany of footnote facilities
\FN@temptoken=\toks38
\footnotemargin=\dimen178


LaTeX Warning: Command \@makecol  has changed.
               Check if current package is valid.

\c@pp@next@reset=\count184
Package footmisc Info: Declaring symbol style bringhurst on input line 855.
Package footmisc Info: Declaring symbol style chicago on input line 863.
Package footmisc Info: Declaring symbol style wiley on input line 872.
Package footmisc Info: Declaring symbol style lamport-robust on input line 883.

Package footmisc Info: Declaring symbol style lamport* on input line 903.
Package footmisc Info: Declaring symbol style lamport*-robust on input line 924
.
) (/usr/share/texlive/texmf-dist/tex/latex/import/import.sty
Package: import 2009/03/23  v 5.1
))
(/usr/share/texlive/texmf-dist/tex/latex/xcolor/xcolor.sty
Package: xcolor 2016/05/11 v2.12 LaTeX color extensions (UK)

(/usr/share/texlive/texmf-dist/tex/latex/graphics-cfg/color.cfg
File: color.cfg 2016/01/02 v1.6 sample color configuration
)
Package xcolor Info: Driver file: dvips.def on input line 225.
Package xcolor Info: Model `cmy' substituted by `cmy0' on input line 1348.
Package xcolor Info: Model `RGB' extended on input line 1364.
Package xcolor Info: Model `HTML' substituted by `rgb' on input line 1366.
Package xcolor Info: Model `Hsb' substituted by `hsb' on input line 1367.
Package xcolor Info: Model `tHsb' substituted by `hsb' on input line 1368.
Package xcolor Info: Model `HSB' substituted by `hsb' on input line 1369.
Package xcolor Info: Model `Gray' substituted by `gray' on input line 1370.
Package xcolor Info: Model `wave' substituted by `hsb' on input line 1371.
)
(/usr/share/texlive/texmf-dist/tex/latex/pdfpages/pdfpages.sty
Package: pdfpages 2017/10/31 v0.5l Insert pages of external PDF documents (AM)

(/usr/share/texlive/texmf-dist/tex/latex/eso-pic/eso-pic.sty
Package: eso-pic 2015/07/21 v2.0g eso-pic (RN)
)
\AM@pagewidth=\dimen179
\AM@pageheight=\dimen180

(/usr/share/texlive/texmf-dist/tex/latex/pdfpages/pppdftex.def
File: pppdftex.def 2017/10/31 v0.5l Pdfpages driver for pdfTeX (AM)

(/usr/share/texlive/texmf-dist/tex/latex/pdfpages/ppnull.def
File: ppnull.def 2017/10/31 v0.5l Pdfpages dummy driver (AM)


Package pdfpages Warning: I will use a dummy \includepdf command which
(pdfpages)                will insert empty pages instead of the actual PDF,
(pdfpages)                because we are running in DVI mode or with
(pdfpages)                dvips driver.

))
\AM@pagebox=\box35
\AM@global@opts=\toks39
\AM@toc@title=\toks40
\c@AM@survey=\count185
\AM@templatesizebox=\box36
) (/usr/share/texlive/texmf-dist/tex/generic/tex4ht/usepackage.4ht)
(/usr/share/texlive/texmf-dist/tex/latex/pgf/frontendlayer/tikz.sty
(/usr/share/texlive/texmf-dist/tex/latex/pgf/basiclayer/pgf.sty
(/usr/share/texlive/texmf-dist/tex/latex/pgf/utilities/pgfrcs.sty
(/usr/share/texlive/texmf-dist/tex/generic/pgf/utilities/pgfutil-common.tex
\pgfutil@everybye=\toks41
\pgfutil@tempdima=\dimen181
\pgfutil@tempdimb=\dimen182

(/usr/share/texlive/texmf-dist/tex/generic/pgf/utilities/pgfutil-common-lists.t
ex)) (/usr/share/texlive/texmf-dist/tex/generic/pgf/utilities/pgfutil-latex.def
\pgfutil@abb=\box37
(/usr/share/texlive/texmf-dist/tex/latex/ms/everyshi.sty
Package: everyshi 2001/05/15 v3.00 EveryShipout Package (MS)
))
(/usr/share/texlive/texmf-dist/tex/generic/pgf/utilities/pgfrcs.code.tex
Package: pgfrcs 2015/08/07 v3.0.1a (rcs-revision 1.31)
))
Package: pgf 2015/08/07 v3.0.1a (rcs-revision 1.15)

(/usr/share/texlive/texmf-dist/tex/latex/pgf/basiclayer/pgfcore.sty
(/usr/share/texlive/texmf-dist/tex/latex/pgf/systemlayer/pgfsys.sty
(/usr/share/texlive/texmf-dist/tex/generic/pgf/systemlayer/pgfsys.code.tex
Package: pgfsys 2014/07/09 v3.0.1a (rcs-revision 1.48)

(/usr/share/texlive/texmf-dist/tex/generic/pgf/utilities/pgfkeys.code.tex
\pgfkeys@pathtoks=\toks42
\pgfkeys@temptoks=\toks43

(/usr/share/texlive/texmf-dist/tex/generic/pgf/utilities/pgfkeysfiltered.code.t
ex
\pgfkeys@tmptoks=\toks44
))
\pgf@x=\dimen183
\pgf@y=\dimen184
\pgf@xa=\dimen185
\pgf@ya=\dimen186
\pgf@xb=\dimen187
\pgf@yb=\dimen188
\pgf@xc=\dimen189
\pgf@yc=\dimen190
\w@pgf@writea=\write4
\r@pgf@reada=\read2
\c@pgf@counta=\count186
\c@pgf@countb=\count187
\c@pgf@countc=\count188
\c@pgf@countd=\count189
\t@pgf@toka=\toks45
\t@pgf@tokb=\toks46
\t@pgf@tokc=\toks47
 (/usr/share/texlive/texmf-dist/tex/generic/pgf/systemlayer/pgf.cfg
File: pgf.cfg 2008/05/14  (rcs-revision 1.7)
)
Driver file for pgf: pgfsys-tex4ht.def

(/usr/share/texlive/texmf-dist/tex/generic/pgf/systemlayer/pgfsys-tex4ht.def
File: pgfsys-tex4ht.def 2013/08/06  (rcs-revision 1.25)

(/usr/share/texlive/texmf-dist/tex/generic/pgf/systemlayer/pgfsys-common-svg.de
f
File: pgfsys-common-svg.def 2013/08/28  (rcs-revision 1.24)
\pgf@sys@svg@objectcount=\count190
\pgf@sys@svg@scopecount=\count191
)
\pgf@sys@svg@picnum=\count192
\pgf@sys@svg@nodenum=\count193
\pgfsys@foreignobject@Box=\box38
\pgf@s=\dimen191
\pgf@t=\dimen192
))
(/usr/share/texlive/texmf-dist/tex/generic/pgf/systemlayer/pgfsyssoftpath.code.
tex
File: pgfsyssoftpath.code.tex 2013/09/09  (rcs-revision 1.9)
\pgfsyssoftpath@smallbuffer@items=\count194
\pgfsyssoftpath@bigbuffer@items=\count266
)
(/usr/share/texlive/texmf-dist/tex/generic/pgf/systemlayer/pgfsysprotocol.code.
tex
File: pgfsysprotocol.code.tex 2006/10/16  (rcs-revision 1.4)
))
(/usr/share/texlive/texmf-dist/tex/generic/pgf/basiclayer/pgfcore.code.tex
Package: pgfcore 2010/04/11 v3.0.1a (rcs-revision 1.7)

(/usr/share/texlive/texmf-dist/tex/generic/pgf/math/pgfmath.code.tex
(/usr/share/texlive/texmf-dist/tex/generic/pgf/math/pgfmathcalc.code.tex
(/usr/share/texlive/texmf-dist/tex/generic/pgf/math/pgfmathutil.code.tex)
(/usr/share/texlive/texmf-dist/tex/generic/pgf/math/pgfmathparser.code.tex
\pgfmath@dimen=\dimen193
\pgfmath@count=\count267
\pgfmath@box=\box39
\pgfmath@toks=\toks48
\pgfmath@stack@operand=\toks49
\pgfmath@stack@operation=\toks50
)
(/usr/share/texlive/texmf-dist/tex/generic/pgf/math/pgfmathfunctions.code.tex
(/usr/share/texlive/texmf-dist/tex/generic/pgf/math/pgfmathfunctions.basic.code
.tex)
(/usr/share/texlive/texmf-dist/tex/generic/pgf/math/pgfmathfunctions.trigonomet
ric.code.tex)
(/usr/share/texlive/texmf-dist/tex/generic/pgf/math/pgfmathfunctions.random.cod
e.tex)
(/usr/share/texlive/texmf-dist/tex/generic/pgf/math/pgfmathfunctions.comparison
.code.tex)
(/usr/share/texlive/texmf-dist/tex/generic/pgf/math/pgfmathfunctions.base.code.
tex)
(/usr/share/texlive/texmf-dist/tex/generic/pgf/math/pgfmathfunctions.round.code
.tex)
(/usr/share/texlive/texmf-dist/tex/generic/pgf/math/pgfmathfunctions.misc.code.
tex)
(/usr/share/texlive/texmf-dist/tex/generic/pgf/math/pgfmathfunctions.integerari
thmetics.code.tex)))
(/usr/share/texlive/texmf-dist/tex/generic/pgf/math/pgfmathfloat.code.tex
\c@pgfmathroundto@lastzeros=\count268
))
(/usr/share/texlive/texmf-dist/tex/generic/pgf/basiclayer/pgfcorepoints.code.te
x
File: pgfcorepoints.code.tex 2013/10/07  (rcs-revision 1.27)
\pgf@picminx=\dimen194
\pgf@picmaxx=\dimen256
\pgf@picminy=\dimen257
\pgf@picmaxy=\dimen258
\pgf@pathminx=\dimen259
\pgf@pathmaxx=\dimen260
\pgf@pathminy=\dimen261
\pgf@pathmaxy=\dimen262
\pgf@xx=\dimen263
\pgf@xy=\dimen264
\pgf@yx=\dimen265
\pgf@yy=\dimen266
\pgf@zx=\dimen267
\pgf@zy=\dimen268
)
(/usr/share/texlive/texmf-dist/tex/generic/pgf/basiclayer/pgfcorepathconstruct.
code.tex
File: pgfcorepathconstruct.code.tex 2013/10/07  (rcs-revision 1.29)
\pgf@path@lastx=\dimen269
\pgf@path@lasty=\dimen270
)
(/usr/share/texlive/texmf-dist/tex/generic/pgf/basiclayer/pgfcorepathusage.code
.tex
File: pgfcorepathusage.code.tex 2014/11/02  (rcs-revision 1.24)
\pgf@shorten@end@additional=\dimen271
\pgf@shorten@start@additional=\dimen272
)
(/usr/share/texlive/texmf-dist/tex/generic/pgf/basiclayer/pgfcorescopes.code.te
x
File: pgfcorescopes.code.tex 2015/05/08  (rcs-revision 1.46)
\pgfpic=\box40
\pgf@hbox=\box41
\pgf@layerbox@main=\box42
\pgf@picture@serial@count=\count269
)
(/usr/share/texlive/texmf-dist/tex/generic/pgf/basiclayer/pgfcoregraphicstate.c
ode.tex
File: pgfcoregraphicstate.code.tex 2014/11/02  (rcs-revision 1.12)
\pgflinewidth=\dimen273
)
(/usr/share/texlive/texmf-dist/tex/generic/pgf/basiclayer/pgfcoretransformation
s.code.tex
File: pgfcoretransformations.code.tex 2015/08/07  (rcs-revision 1.20)
\pgf@pt@x=\dimen274
\pgf@pt@y=\dimen275
\pgf@pt@temp=\dimen276
)
(/usr/share/texlive/texmf-dist/tex/generic/pgf/basiclayer/pgfcorequick.code.tex
File: pgfcorequick.code.tex 2008/10/09  (rcs-revision 1.3)
)
(/usr/share/texlive/texmf-dist/tex/generic/pgf/basiclayer/pgfcoreobjects.code.t
ex
File: pgfcoreobjects.code.tex 2006/10/11  (rcs-revision 1.2)
)
(/usr/share/texlive/texmf-dist/tex/generic/pgf/basiclayer/pgfcorepathprocessing
.code.tex
File: pgfcorepathprocessing.code.tex 2013/09/09  (rcs-revision 1.9)
)
(/usr/share/texlive/texmf-dist/tex/generic/pgf/basiclayer/pgfcorearrows.code.te
x
File: pgfcorearrows.code.tex 2015/05/14  (rcs-revision 1.43)
\pgfarrowsep=\dimen277
)
(/usr/share/texlive/texmf-dist/tex/generic/pgf/basiclayer/pgfcoreshade.code.tex
File: pgfcoreshade.code.tex 2013/07/15  (rcs-revision 1.15)
\pgf@max=\dimen278
\pgf@sys@shading@range@num=\count270
)
(/usr/share/texlive/texmf-dist/tex/generic/pgf/basiclayer/pgfcoreimage.code.tex
File: pgfcoreimage.code.tex 2013/07/15  (rcs-revision 1.18)

(/usr/share/texlive/texmf-dist/tex/generic/pgf/basiclayer/pgfcoreexternal.code.
tex
File: pgfcoreexternal.code.tex 2014/07/09  (rcs-revision 1.21)
\pgfexternal@startupbox=\box43
))
(/usr/share/texlive/texmf-dist/tex/generic/pgf/basiclayer/pgfcorelayers.code.te
x
File: pgfcorelayers.code.tex 2013/07/18  (rcs-revision 1.7)
)
(/usr/share/texlive/texmf-dist/tex/generic/pgf/basiclayer/pgfcoretransparency.c
ode.tex
File: pgfcoretransparency.code.tex 2013/09/30  (rcs-revision 1.5)
)
(/usr/share/texlive/texmf-dist/tex/generic/pgf/basiclayer/pgfcorepatterns.code.
tex
File: pgfcorepatterns.code.tex 2013/11/07  (rcs-revision 1.5)
)))
(/usr/share/texlive/texmf-dist/tex/generic/pgf/modules/pgfmoduleshapes.code.tex
File: pgfmoduleshapes.code.tex 2014/03/21  (rcs-revision 1.35)
\pgfnodeparttextbox=\box44
) (/usr/share/texlive/texmf-dist/tex/generic/pgf/modules/pgfmoduleplot.code.tex
File: pgfmoduleplot.code.tex 2015/08/03  (rcs-revision 1.13)
)
(/usr/share/texlive/texmf-dist/tex/latex/pgf/compatibility/pgfcomp-version-0-65
.sty
Package: pgfcomp-version-0-65 2007/07/03 v3.0.1a (rcs-revision 1.7)
\pgf@nodesepstart=\dimen279
\pgf@nodesepend=\dimen280
)
(/usr/share/texlive/texmf-dist/tex/latex/pgf/compatibility/pgfcomp-version-1-18
.sty
Package: pgfcomp-version-1-18 2007/07/23 v3.0.1a (rcs-revision 1.1)
)) (/usr/share/texlive/texmf-dist/tex/latex/pgf/utilities/pgffor.sty
(/usr/share/texlive/texmf-dist/tex/latex/pgf/utilities/pgfkeys.sty
(/usr/share/texlive/texmf-dist/tex/generic/pgf/utilities/pgfkeys.code.tex))
(/usr/share/texlive/texmf-dist/tex/latex/pgf/math/pgfmath.sty
(/usr/share/texlive/texmf-dist/tex/generic/pgf/math/pgfmath.code.tex))
(/usr/share/texlive/texmf-dist/tex/generic/pgf/utilities/pgffor.code.tex
Package: pgffor 2013/12/13 v3.0.1a (rcs-revision 1.25)

(/usr/share/texlive/texmf-dist/tex/generic/pgf/math/pgfmath.code.tex)
\pgffor@iter=\dimen281
\pgffor@skip=\dimen282
\pgffor@stack=\toks51
\pgffor@toks=\toks52
))
(/usr/share/texlive/texmf-dist/tex/generic/pgf/frontendlayer/tikz/tikz.code.tex
Package: tikz 2015/08/07 v3.0.1a (rcs-revision 1.151)

(/usr/share/texlive/texmf-dist/tex/generic/pgf/libraries/pgflibraryplothandlers
.code.tex
File: pgflibraryplothandlers.code.tex 2013/08/31 v3.0.1a (rcs-revision 1.20)
\pgf@plot@mark@count=\count271
\pgfplotmarksize=\dimen283
)
\tikz@lastx=\dimen284
\tikz@lasty=\dimen285
\tikz@lastxsaved=\dimen286
\tikz@lastysaved=\dimen287
\tikzleveldistance=\dimen288
\tikzsiblingdistance=\dimen289
\tikz@figbox=\box45
\tikz@figbox@bg=\box46
\tikz@tempbox=\box47
\tikz@tempbox@bg=\box48
\tikztreelevel=\count272
\tikznumberofchildren=\count273
\tikznumberofcurrentchild=\count274
\tikz@fig@count=\count275

(/usr/share/texlive/texmf-dist/tex/generic/pgf/modules/pgfmodulematrix.code.tex
File: pgfmodulematrix.code.tex 2013/09/17  (rcs-revision 1.8)
\pgfmatrixcurrentrow=\count276
\pgfmatrixcurrentcolumn=\count277
\pgf@matrix@numberofcolumns=\count278
)
\tikz@expandcount=\count279

(/usr/share/texlive/texmf-dist/tex/generic/pgf/frontendlayer/tikz/libraries/tik
zlibrarytopaths.code.tex
File: tikzlibrarytopaths.code.tex 2008/06/17 v3.0.1a (rcs-revision 1.2)
)))
(/usr/share/texlive/texmf-dist/tex/latex/listings/listings.sty
\lst@mode=\count280
\lst@gtempboxa=\box49
\lst@token=\toks53
\lst@length=\count281
\lst@currlwidth=\dimen290
\lst@column=\count282
\lst@pos=\count283
\lst@lostspace=\dimen291
\lst@width=\dimen292
\lst@newlines=\count284
\lst@lineno=\count285
\lst@maxwidth=\dimen293

(/usr/share/texlive/texmf-dist/tex/latex/listings/lstmisc.sty
File: lstmisc.sty 2015/06/04 1.6 (Carsten Heinz)
\c@lstnumber=\count286
\lst@skipnumbers=\count287
\lst@framebox=\box50
)
(/usr/share/texlive/texmf-dist/tex/latex/listings/listings.cfg
File: listings.cfg 2015/06/04 1.6 listings configuration
))
Package: listings 2015/06/04 1.6 (Carsten Heinz)
)
(/usr/share/texlive/texmf-dist/tex/latex/lastpage/lastpage.sty
Package: lastpage 2015/03/29 v1.2m Refers to last page's name (HMM; JPG)
)
(./settings/preferences.tex
(/usr/share/texlive/texmf-dist/tex/latex/listings/lstlang1.sty
File: lstlang1.sty 2015/06/04 1.6 listings language file
))
(../pre-text/dados-capa.tex
Package hyperref Info: Option `colorlinks' set `true' on input line 34.
) (../pre-text/folha-aprovacao.tex)
(../pre-text/agradecimentos.tex) (../pre-text/listas.tex)
(../pre-text/ficha-catalografica.tex)
Package csquotes Info: Checking for multilingual support...
Package csquotes Info: ... found 'babel' package.
Package csquotes Info: Adjusting default style.
Package csquotes Info: Redefining alias 'default' -> 'brazil'.

(/usr/share/texlive/texmf-dist/tex/generic/tex4ht/tex4ht.4ht
version 2017-05-09-09:21
--------------------------------------
--- Note --- for additional information, use the command line option `info'
--------------------------------------

::::::::::::::::::::::::::::::::::::::::::
 TeX4ht info is available in the log file 
::::::::::::::::::::::::::::::::::::::::::
) (/usr/share/texlive/texmf-dist/tex/generic/tex4ht/tex4ht.sty
version 2018-02-11-15:01

--- needs --- tex4ht main ---
\tmp:cnt=\count288
\openout15 = `main.tmp'.

(./main.tmp)
\tmp:dim=\skip264
--------------------------------------
--- Note --- for XML code, use the command line option `xml' or `xhtml'
--------------------------------------
 (./main.xref)
\:refout=\write5
\openout5 = `main.xref'.


(/usr/share/texlive/texmf-dist/tex/generic/tex4ht/html4.4ht
version 2018-02-21-09:31
--------------------------------------
--- Note --- to remove the <?xml version=...?> processing instruction use the c
ommand line option `no-VERSION'
--------------------------------------
--------------------------------------
--- Note --- to remove the DOCTYPE declaration use the command line option `no-
DOCTYPE'
--------------------------------------
)
(/usr/share/texlive/texmf-dist/tex/generic/tex4ht/html4-math.4ht
version 2017-03-30-16:04
)
--------------------------------------
--- Note --- for marking of the base font, use the command line option `fonts+'

--------------------------------------
--------------------------------------
--- Note --- for non active _, use the command line option `no_'
--------------------------------------
--------------------------------------
--- Note --- for _ of catcode 13, use the command line option `_13'
--------------------------------------
--------------------------------------
--- Note --- for non active ^, use the command line option `no^'
--------------------------------------
--------------------------------------
--- Note --- for ^ of catcode 13, use the command line option `^13'
--------------------------------------

(/usr/share/texlive/texmf-dist/tex/generic/tex4ht/html4.4ht
version 2018-02-21-09:31
--------------------------------------
--- Note --- for alternative charset, use the command line option `charset=...'

--------------------------------------
--------------------------------------
--- Note --- to ignore CSS font decoration, use the `NoFonts' command line opti
on
--------------------------------------
--------------------------------------
--- Note --- for jpg bitmaps of pictures, use the `jpg' command line option. (C
haracter bitmaps are controled only by `g' records of tex4ht.env and `-g' switc
hes of tex4ht.c) 
--------------------------------------
--------------------------------------
--- Note --- for gif bitmaps of pictures, use the `gif' command line option. (C
haracter bitmaps are controled only by `g' records of tex4ht.env and `-g' switc
hes of tex4ht.c) 
--------------------------------------
--------------------------------------
--- Note --- for content and toc in 2 frames, use the command line option `fram
es'
--------------------------------------
--------------------------------------
--- Note --- for content, toc, and footnotes in 3 frames, use the command line 
option `frames-fn'
--------------------------------------
--------------------------------------
--- Note --- for file extension name xht, use the command line option `xht'
--------------------------------------
TeX4ht package options: html,htex4ht
--------------------------------------
--- Note --- To print a timestamp, use the command line option timestamp
--------------------------------------
--------------------------------------
--- Note --- to ignore CSS code, use the command line option `-css
--------------------------------------
--------------------------------------
--- Note --- for inline CSS code, use the command line option `css-in'
--------------------------------------
--------------------------------------
--- Note --- for pop ups on mouse over, use the command line option `mouseover'

--------------------------------------
--------------------------------------
--- Note --- for addressing images in a subdirectory, use the command line opti
on `imgdir:.../'
--------------------------------------
)
(/usr/share/texlive/texmf-dist/tex/generic/tex4ht/html4-math.4ht
version 2017-03-30-16:04
)
\:tokwrite=\toks54
\:tokpage=\toks55
--------------------------------------
--- Note --- for back links to toc, use the command line option `sections+'
--------------------------------------
--------------------------------------
--- Note --- for linear crosslinks of pages, use the command line option `next'

--------------------------------------
\openout15 = `main.4ct'.

\:tocout=\write6
\openout6 = `main.4tc'.


(/usr/share/texlive/texmf-dist/tex/generic/tex4ht/html4.4ht
version 2018-02-21-09:31
)
(/usr/share/texlive/texmf-dist/tex/generic/tex4ht/html4-math.4ht
version 2017-03-30-16:04
)
(/usr/share/texlive/texmf-dist/tex/generic/tex4ht/latex.4ht
version 2018-01-12-14:38
LaTeX Info: Redefining \_ on input line 168.
--------------------------------------
--- Note --- for links into captions, instead of float heads, use the command l
ine option `refcaption'
--------------------------------------

(/usr/share/texlive/texmf-dist/tex/generic/tex4ht/html4.4ht
version 2018-02-21-09:31
)
(/usr/share/texlive/texmf-dist/tex/generic/tex4ht/html4-math.4ht
version 2017-03-30-16:04
)
(/usr/share/texlive/texmf-dist/tex/generic/tex4ht/html4.4ht
version 2018-02-21-09:31
--------------------------------------
--- Note --- For mini tocs immediately aftter the header use the command line o
ption `minitoc<'
--------------------------------------
--------------------------------------
--- Note --- for enumerated list elements with valued data, use the command lin
e option `enumerate+'
--------------------------------------
--------------------------------------
--- Note --- for enumerated list elements li's with value attributes, use the c
ommand line option `enumerate-'
--------------------------------------
--------------------------------------
--- Note --- for CSS2 code, use the command line option `css2'
--------------------------------------
--------------------------------------
--- Note --- for pictorial tabular, use the command line option `pic-tabular'
--------------------------------------
--------------------------------------
--- Note --- for bitmap fbox'es, use the command line option `pic-fbox'
--------------------------------------
--------------------------------------
--- Note --- for bitmap framebox'es, use the command line option `pic-framebox'

--------------------------------------
--------------------------------------
--- Note --- for inline footnotes use command line option `fn-in'
--------------------------------------
--------------------------------------
--- Note --- for tracing of latex font commands, use the command line option `f
onts'
--------------------------------------
--------------------------------------
--- Note --- for width specifications of tabular p entries, use the `p-width' c
ommand line option or a configuration similar to \Configure{HColWidth}{\HCode{ 
style="width:\HColWidth"}}
--------------------------------------
)
(/usr/share/texlive/texmf-dist/tex/generic/tex4ht/html4-math.4ht
version 2017-03-30-16:04
--------------------------------------
--- Note --- for pictorial eqnarray, use the command line option `pic-eqnarray'

--------------------------------------
--------------------------------------
--- Note --- for pictorial array, use the command line option `pic-array'
--------------------------------------
--------------------------------------
--- Note --- for pictorial $...$ environments, use the command line option `pic
-m' (not recommended!!)
--------------------------------------
--------------------------------------
--- Note --- for pictorial $...$ and $$...$$ environments with latex alt, use t
he command line option `pic-m+' (not safe!!)
--------------------------------------
--------------------------------------
--- Note --- for pictorial array, use the command line option `pic-array'
--------------------------------------
))
(/usr/share/texlive/texmf-dist/tex/generic/tex4ht/fontmath.4ht
version 2009-05-21-09:32

(/usr/share/texlive/texmf-dist/tex/generic/tex4ht/html4.4ht
version 2018-02-21-09:31
)
(/usr/share/texlive/texmf-dist/tex/generic/tex4ht/html4-math.4ht
version 2017-03-30-16:04
))
(/usr/share/texlive/texmf-dist/tex/generic/tex4ht/ifthen.4ht
version 2009-05-21-09:32

(/usr/share/texlive/texmf-dist/tex/generic/tex4ht/html4.4ht
version 2018-02-21-09:31
)
(/usr/share/texlive/texmf-dist/tex/generic/tex4ht/html4-math.4ht
version 2017-03-30-16:04
))
(/usr/share/texlive/texmf-dist/tex/generic/tex4ht/memoir.4ht
(/usr/share/texlive/texmf-dist/tex/generic/tex4ht/book.4ht
version 2009-05-21-09:32

(/usr/share/texlive/texmf-dist/tex/generic/tex4ht/html4.4ht
version 2018-02-21-09:31
--------------------------------------
--- Note --- for automatic sectioning pagination, use the command line option `
1', `2', `3', '4', '5', '6', or '7'
--------------------------------------
--------------------------------------
--- Note --- for files named derived from section titles, use the command line 
option `sec-filename'
--------------------------------------
--------------------------------------
--- Note --- for i-columns index, use the command line option `index=i' (e.g., 
index=2)
--------------------------------------
)
(/usr/share/texlive/texmf-dist/tex/generic/tex4ht/html4-math.4ht
version 2017-03-30-16:04
))
(/usr/share/texlive/texmf-dist/tex/generic/tex4ht/verse.4ht
version 2009-05-21-09:32

(/usr/share/texlive/texmf-dist/tex/generic/tex4ht/html4.4ht
version 2018-02-21-09:31
)
(/usr/share/texlive/texmf-dist/tex/generic/tex4ht/html4-math.4ht
version 2017-03-30-16:04
))
(/usr/share/texlive/texmf-dist/tex/generic/tex4ht/array.4ht
version 2009-05-21-09:32

(/usr/share/texlive/texmf-dist/tex/generic/tex4ht/html4.4ht
version 2018-02-21-09:31
)
(/usr/share/texlive/texmf-dist/tex/generic/tex4ht/html4-math.4ht
version 2017-03-30-16:04
--------------------------------------
--- Note --- for pictorial array, use the command line option `pic-array'
--------------------------------------
))
(/usr/share/texlive/texmf-dist/tex/generic/tex4ht/dcolumn.4ht
version 2009-05-21-09:32

(/usr/share/texlive/texmf-dist/tex/generic/tex4ht/html4.4ht
version 2018-02-21-09:31
)
(/usr/share/texlive/texmf-dist/tex/generic/tex4ht/html4-math.4ht
version 2017-03-30-16:04
))
(/usr/share/texlive/texmf-dist/tex/generic/tex4ht/tabularx.4ht
version 2009-05-21-09:32

(/usr/share/texlive/texmf-dist/tex/generic/tex4ht/html4.4ht
version 2018-02-21-09:31
)
(/usr/share/texlive/texmf-dist/tex/generic/tex4ht/html4-math.4ht
version 2017-03-30-16:04
))
(/usr/share/texlive/texmf-dist/tex/generic/tex4ht/booktabs.4ht
version 2009-05-21-09:32

(/usr/share/texlive/texmf-dist/tex/generic/tex4ht/html4.4ht
version 2018-02-21-09:31
)
(/usr/share/texlive/texmf-dist/tex/generic/tex4ht/html4-math.4ht
version 2017-03-30-16:04
))
(/usr/share/texlive/texmf-dist/tex/generic/tex4ht/html4.4ht
version 2018-02-21-09:31
)
(/usr/share/texlive/texmf-dist/tex/generic/tex4ht/html4-math.4ht
version 2017-03-30-16:04
))
(/usr/share/texlive/texmf-dist/tex/generic/tex4ht/mempatch.4ht
version 2009-05-21-09:32

(/usr/share/texlive/texmf-dist/tex/generic/tex4ht/html4.4ht
version 2018-02-21-09:31
)
(/usr/share/texlive/texmf-dist/tex/generic/tex4ht/html4-math.4ht
version 2017-03-30-16:04
))
(/usr/share/texlive/texmf-dist/tex/generic/tex4ht/hyperref.4ht
version 2016-01-12-16:05

(/usr/share/texlive/texmf-dist/tex/latex/hyperref/nameref.sty
Package: nameref 2016/05/21 v2.44 Cross-referencing by name of section

(/usr/share/texlive/texmf-dist/tex/generic/oberdiek/gettitlestring.sty
Package: gettitlestring 2016/05/16 v1.5 Cleanup title references (HO)
)
\c@section@level=\count289
)
Redoing nameref's sectioning
Redoing nameref's label
LaTeX Info: Redefining \nameref on input line 29.
(/usr/share/texlive/texmf-dist/tex/generic/tex4ht/nameref.4ht
version 2017-11-27-09:16

(/usr/share/texlive/texmf-dist/tex/generic/tex4ht/html4.4ht
version 2018-02-21-09:31
)
(/usr/share/texlive/texmf-dist/tex/generic/tex4ht/html4-math.4ht
version 2017-03-30-16:04
))
LaTeX Info: Redefining \autoref on input line 95.
\Hy@SectionHShift=\skip265

(/usr/share/texlive/texmf-dist/tex/generic/tex4ht/html4.4ht
version 2018-02-21-09:31
)
(/usr/share/texlive/texmf-dist/tex/generic/tex4ht/html4-math.4ht
version 2017-03-30-16:04
))
(/usr/share/texlive/texmf-dist/tex/generic/tex4ht/pd1enc.4ht
version 2009-05-21-09:32

(/usr/share/texlive/texmf-dist/tex/generic/tex4ht/html4.4ht
version 2018-02-21-09:31
)
(/usr/share/texlive/texmf-dist/tex/generic/tex4ht/html4-math.4ht
version 2017-03-30-16:04
))
(/usr/share/texlive/texmf-dist/tex/generic/tex4ht/url.4ht
version 2009-05-21-09:32

(/usr/share/texlive/texmf-dist/tex/generic/tex4ht/html4.4ht
version 2018-02-21-09:31
--------------------------------------
--- Note --- for URL encoding within href use the command line option `url-enc'

--------------------------------------
)
(/usr/share/texlive/texmf-dist/tex/generic/tex4ht/html4-math.4ht
version 2017-03-30-16:04
))
(/usr/share/texlive/texmf-dist/tex/generic/tex4ht/babel.4ht
version 2009-05-21-09:32

(/usr/share/texlive/texmf-dist/tex/generic/tex4ht/html4.4ht
version 2018-02-21-09:31
)
(/usr/share/texlive/texmf-dist/tex/generic/tex4ht/html4-math.4ht
version 2017-03-30-16:04
))
(/usr/share/texlive/texmf-dist/tex/generic/tex4ht/portuges.4ht
version 2009-05-21-09:32

(/usr/share/texlive/texmf-dist/tex/generic/tex4ht/html4.4ht
version 2018-02-21-09:31
)
(/usr/share/texlive/texmf-dist/tex/generic/tex4ht/html4-math.4ht
version 2017-03-30-16:04
))
(/usr/share/texlive/texmf-dist/tex/generic/tex4ht/enumitem.4ht
version 2009-05-21-09:32

(/usr/share/texlive/texmf-dist/tex/generic/tex4ht/html4.4ht
version 2018-02-21-09:31
)
(/usr/share/texlive/texmf-dist/tex/generic/tex4ht/html4-math.4ht
version 2017-03-30-16:04
))
(/usr/share/texlive/texmf-dist/tex/generic/tex4ht/inputenc.4ht
version 2009-05-21-09:32

(/usr/share/texlive/texmf-dist/tex/generic/tex4ht/html4.4ht
version 2018-02-21-09:31
)
(/usr/share/texlive/texmf-dist/tex/generic/tex4ht/html4-math.4ht
version 2017-03-30-16:04
))
(/usr/share/texlive/texmf-dist/tex/generic/tex4ht/utf8.4ht
version 2009-05-21-09:32

(/usr/share/texlive/texmf-dist/tex/generic/tex4ht/html4.4ht
version 2018-02-21-09:31
)
(/usr/share/texlive/texmf-dist/tex/generic/tex4ht/html4-math.4ht
version 2017-03-30-16:04
))
(/usr/share/texlive/texmf-dist/tex/generic/tex4ht/graphicx.4ht
version 2017-10-21-16:16

(/usr/share/texlive/texmf-dist/tex/generic/tex4ht/html4.4ht
version 2018-02-21-09:31
)
(/usr/share/texlive/texmf-dist/tex/generic/tex4ht/html4-math.4ht
version 2017-03-30-16:04
))
(/usr/share/texlive/texmf-dist/tex/generic/tex4ht/graphics.4ht
(/usr/share/texlive/texmf-dist/tex/generic/tex4ht/html4.4ht
version 2018-02-21-09:31
--------------------------------------
--- Note --- if included graphics are of degraded quality, try the command line
 options `graphics-num' or `graphics-'. The `num' should provide the density of
 pixels in the bitmaps (e.g., 110). 
--------------------------------------
--------------------------------------
--- Note --- for key dimensions try the option `Gin-dim'; for key dimensions wh
en bounding box is unavailable try `Gin-dim+'; neither is recommended
--------------------------------------
)
(/usr/share/texlive/texmf-dist/tex/generic/tex4ht/html4-math.4ht
version 2017-03-30-16:04
))
(/usr/share/texlive/texmf-dist/tex/generic/tex4ht/dvips.4ht
version 2009-05-21-09:32

(/usr/share/texlive/texmf-dist/tex/generic/tex4ht/html4.4ht
version 2018-02-21-09:31
)
(/usr/share/texlive/texmf-dist/tex/generic/tex4ht/html4-math.4ht
version 2017-03-30-16:04
))
(/usr/share/texlive/texmf-dist/tex/generic/tex4ht/float.4ht
version 2009-05-21-09:32

(/usr/share/texlive/texmf-dist/tex/generic/tex4ht/html4.4ht
version 2018-02-21-09:31
)
(/usr/share/texlive/texmf-dist/tex/generic/tex4ht/html4-math.4ht
version 2017-03-30-16:04
))
(/usr/share/texlive/texmf-dist/tex/generic/tex4ht/caption.4ht
(/usr/share/texlive/texmf-dist/tex/generic/tex4ht/html4.4ht
version 2018-02-21-09:31
)
(/usr/share/texlive/texmf-dist/tex/generic/tex4ht/html4-math.4ht
version 2017-03-30-16:04
))
(/usr/share/texlive/texmf-dist/tex/generic/tex4ht/titlesec.4ht
version 2014-07-14-17:09

(/usr/share/texlive/texmf-dist/tex/generic/tex4ht/html4.4ht
version 2018-02-21-09:31
)
(/usr/share/texlive/texmf-dist/tex/generic/tex4ht/html4-math.4ht
version 2017-03-30-16:04
))
(/usr/share/texlive/texmf-dist/tex/generic/tex4ht/amsmath.4ht
version 2009-05-21-09:32
\tmp:muskip=\muskip12

(/usr/share/texlive/texmf-dist/tex/generic/tex4ht/html4.4ht
version 2018-02-21-09:31
)
(/usr/share/texlive/texmf-dist/tex/generic/tex4ht/html4-math.4ht
version 2017-03-30-16:04
))
(/usr/share/texlive/texmf-dist/tex/generic/tex4ht/amstext.4ht
version 2009-05-21-09:32

(/usr/share/texlive/texmf-dist/tex/generic/tex4ht/html4.4ht
version 2018-02-21-09:31
)
(/usr/share/texlive/texmf-dist/tex/generic/tex4ht/html4-math.4ht
version 2017-03-30-16:04
))
(/usr/share/texlive/texmf-dist/tex/generic/tex4ht/amsbsy.4ht
version 2009-05-21-09:32

(/usr/share/texlive/texmf-dist/tex/generic/tex4ht/html4.4ht
version 2018-02-21-09:31
)
(/usr/share/texlive/texmf-dist/tex/generic/tex4ht/html4-math.4ht
version 2017-03-30-16:04
))
(/usr/share/texlive/texmf-dist/tex/generic/tex4ht/amsopn.4ht
version 2009-05-21-09:32

(/usr/share/texlive/texmf-dist/tex/generic/tex4ht/html4.4ht
version 2018-02-21-09:31
)
(/usr/share/texlive/texmf-dist/tex/generic/tex4ht/html4-math.4ht
version 2017-03-30-16:04
))
(/usr/share/texlive/texmf-dist/tex/generic/tex4ht/footmisc.4ht
version 2009-05-21-09:32

(/usr/share/texlive/texmf-dist/tex/generic/tex4ht/html4.4ht
version 2018-02-21-09:31
)
(/usr/share/texlive/texmf-dist/tex/generic/tex4ht/html4-math.4ht
version 2017-03-30-16:04
))
(/usr/share/texlive/texmf-dist/tex/generic/tex4ht/xcolor.4ht
version 2017-04-28-08:47

(/usr/share/texlive/texmf-dist/tex/generic/tex4ht/color.4ht
version 2009-05-21-09:32

(/usr/share/texlive/texmf-dist/tex/generic/tex4ht/html4.4ht
version 2018-02-21-09:31
)
(/usr/share/texlive/texmf-dist/tex/generic/tex4ht/html4-math.4ht
version 2017-03-30-16:04
))
(/usr/share/texlive/texmf-dist/tex/generic/tex4ht/html4.4ht
version 2018-02-21-09:31
)
(/usr/share/texlive/texmf-dist/tex/generic/tex4ht/html4-math.4ht
version 2017-03-30-16:04
))
(/usr/share/texlive/texmf-dist/tex/generic/tex4ht/color.4ht
version 2009-05-21-09:32
)
(/usr/share/texlive/texmf-dist/tex/generic/tex4ht/pgf.4ht
version 2009-05-21-09:32

(/usr/share/texlive/texmf-dist/tex/generic/tex4ht/html4.4ht
version 2018-02-21-09:31
)
(/usr/share/texlive/texmf-dist/tex/generic/tex4ht/html4-math.4ht
version 2017-03-30-16:04
))
(/usr/share/texlive/texmf-dist/tex/generic/tex4ht/everyshi.4ht
version 2009-05-21-09:32

(/usr/share/texlive/texmf-dist/tex/generic/tex4ht/html4.4ht
version 2018-02-21-09:31
)
(/usr/share/texlive/texmf-dist/tex/generic/tex4ht/html4-math.4ht
version 2017-03-30-16:04
))
(/usr/share/texlive/texmf-dist/tex/generic/tex4ht/listings.4ht
version 2017-04-22-16:03

(/usr/share/texlive/texmf-dist/tex/generic/tex4ht/html4.4ht
version 2018-02-21-09:31
--------------------------------------
--- Note --- to ensure proper alignments use fixed size fonts (see listings.dtx
)
--------------------------------------
)
(/usr/share/texlive/texmf-dist/tex/generic/tex4ht/html4-math.4ht
version 2017-03-30-16:04
))
(/usr/share/texlive/texmf-dist/tex/generic/tex4ht/html4.4ht
version 2018-02-21-09:31
)
(/usr/share/texlive/texmf-dist/tex/generic/tex4ht/html4-math.4ht
version 2017-03-30-16:04
)) (./main.aux

LaTeX Warning: Label `my-label' multiply defined.

)
\openout1 = `main.aux'.

LaTeX Font Info:    Checking defaults for OML/cmm/m/it on input line 13.
LaTeX Font Info:    ... okay on input line 13.
LaTeX Font Info:    Checking defaults for T1/cmr/m/n on input line 13.
LaTeX Font Info:    ... okay on input line 13.
LaTeX Font Info:    Checking defaults for OT1/cmr/m/n on input line 13.
LaTeX Font Info:    ... okay on input line 13.
LaTeX Font Info:    Checking defaults for OMS/cmsy/m/n on input line 13.
LaTeX Font Info:    ... okay on input line 13.
LaTeX Font Info:    Checking defaults for OMX/cmex/m/n on input line 13.
LaTeX Font Info:    ... okay on input line 13.
LaTeX Font Info:    Checking defaults for U/cmr/m/n on input line 13.
LaTeX Font Info:    ... okay on input line 13.
LaTeX Font Info:    Checking defaults for PD1/pdf/m/n on input line 13.
LaTeX Font Info:    ... okay on input line 13.
\AtBeginShipoutBox=\box51
Package hyperref Info: Link coloring ON on input line 13.
LaTeX Info: Redefining \ref on input line 13.
LaTeX Info: Redefining \pageref on input line 13.
LaTeX Info: Redefining \nameref on input line 13.
\myptabbox=\box52
\myptabboxwidth=\skip266
Package caption Info: Begin \AtBeginDocument code.
Package caption Info: Incompatible package detected (regarding \caption).
(caption)             \caption = macro:->\:CheckOption {refcaption}\if:Option \
SkipRefstepAnchor \fi \refstepcounter \@captype \@dblarg {\@caption \@captype }
.
Package caption Info: Incompatible package detected (regarding \@caption).
(caption)             \@caption = \long macro:#1[#2]->\gdef \NR:Type {\@currenv
ir }\gdef \NR:Title {\a:newlabel {#2}}\o:NR@@caption {#1}[{#2}].


Package caption Warning: \caption will not be redefined since it's already
(caption)                redefined by a document class or package which is
(caption)                unknown to the caption package.
See the caption package documentation for explanation.

Package caption Info: listings package is loaded.
Package caption Info: End \AtBeginDocument code.
(/usr/share/texlive/texmf-dist/tex/latex/oberdiek/pdflscape.sty
Package: pdflscape 2016/05/14 v0.11 Display of landscape pages in PDF (HO)

(/usr/share/texlive/texmf-dist/tex/latex/graphics/lscape.sty
Package: lscape 2000/10/22 v3.01 Landscape Pages (DPC)
)
Package pdflscape Info: Auto-detected driver: dvips (dvips) on input line 125.
)
\c@lstlisting=\count290
Package lastpage Info: Please have a look at the pageslts package at
(lastpage)             https://www.ctan.org/pkg/pageslts
(lastpage)             ! on input line 13.
--- file main.css ---

l.18 --- TeX4ht warning --- File `"images/arte-uff-capa.xbb"' not found ---
l.18 --- TeX4ht warning --- Cannot determine size of graphic in "images/arte-uf
f-capa.xbb" (no BoundingBox) ---
l. 18 --- needs --- images/arte-uff-capa-.png ---

Package pgf Warning: Your graphic driver pgfsys-tex4ht.def does not support mar
king the current position. This warning is given only once on input line 20.

l. 23 Writing main.idv[1] (main0x.png)
l. 23 Writing main.idv[2] (main1x.png)
[1

]
l. 23 Writing main.idv[3] (main2x.png)
l. 23 Writing main.idv[4] (main3x.png)
 [1

]
l. 26 Writing main.idv[5] (main4x.png)
l. 26 Writing main.idv[6] (main5x.png)
 [2

]
l. 26 Writing main.idv[7] (main6x.png)
l. 26 Writing main.idv[8] (main7x.png)
 [3

]

Package pdfpages Warning: I cannot determine the number of pages of the
(pdfpages)                included document, because we are running in
(pdfpages)                DVI mode. 
(pdfpages)                You can use the option `lastpage' to give me a hint.

l. 27 Writing main.idv[9] (main8x.png)
l. 27 Writing main.idv[10] (main9x.png)
[4

]
l. 27 Writing main.idv[11] (main10x.png)
l. 27 Writing main.idv[12] (main11x.png)
 [5]
l. 29 Writing main.idv[13] (main12x.png)
l. 29 Writing main.idv[14] (main13x.png)
 [6]
l. 32 Writing main.idv[15] (main14x.png)
l. 32 Writing main.idv[16] (main15x.png)
 [7] (./main.4ct)
l. 33 Writing main.idv[17] (main16x.png)
l. 33 Writing main.idv[18] (main17x.png)
 [8] (./main.4ct)
l. 35 Writing main.idv[19] (main18x.png)
l. 35 Writing main.idv[20] (main19x.png)
 [9

] (./main.4ct
l. 46 Writing main.idv[21] (main20x.png)
l. 46 Writing main.idv[22] (main21x.png)
 [10

])
l. 37 Writing main.idv[23] (main22x.png)
l. 37 Writing main.idv[24] (main23x.png)
 [11]
(../sections/resumo.tex
l. 12 Writing main.idv[25] (main24x.png)
l. 12 Writing main.idv[26] (main25x.png)
 [12

]) (../sections/lista-abreviaturas.tex
l. 2 Writing main.idv[27] (main26x.png)
l. 2 Writing main.idv[28] (main27x.png)
 [13]
l. 17 Writing main.idv[29] (main28x.png)
l. 17 Writing main.idv[30] (main29x.png)
 [14]
l. 30 Writing main.idv[31] (main30x.png)
l. 30 Writing main.idv[32] (main31x.png)

[15])
l. 44 Writing main.idv[33] (main32x.png)
l. 44 Writing main.idv[34] (main33x.png)
 [16] (../sections/introducao.tex
l. 41 Writing main.idv[35] (main34x.png)
l. 41 Writing main.idv[36] (main35x.png)
 [17]
l. 63 Writing main.idv[37] (main36x.png)
l. 63 Writing main.idv[38] (main37x.png)
 [18]

! LaTeX Error: No counter 'Hfootnote' defined.

See the LaTeX manual or LaTeX Companion for explanation.
Type  H <return>  for immediate help.
 ...                                              
                                                  
l.82 ...al: auto-avaliao (pelas CPAs\footnote{
                                                  Comisso Prpria de Aval...

? 
--- file main2.html ---
l. 84 Writing main.idv[39] (main38x.png)
l. 84 Writing main.idv[40] (main39x.png)
[19]
l. 109 Writing main.idv[41] (main40x.png)
l. 109 Writing main.idv[42] (main41x.png)
 [20])
l. 45 Writing main.idv[43] (main42x.png)
l. 45 Writing main.idv[44] (main43x.png)
 [21] (../sections/avaliacao-brasil.tex
l. 11 Writing main.idv[45] (main44x.png)
l. 11 Writing main.idv[46] (main45x.png)
 [22]

! LaTeX Error: No counter 'Hfootnote' defined.

See the LaTeX manual or LaTeX Companion for explanation.
Type  H <return>  for immediate help.
 ...                                              
                                                  
l.12 ...rande destaque o plano Atcon\footnotemark~
                                                   como um dos primeiros pro...

? 
--- file main3.html ---
l. 18 Writing main.idv[47] (main46x.png)
l. 18 Writing main.idv[48] (main47x.png)
[23

]
l. 27 Writing main.idv[49] (main48x.png)
l. 27 Writing main.idv[50] (main49x.png)
 [24]
l. 36 Writing main.idv[51] (main50x.png)
l. 36 Writing main.idv[52] (main51x.png)
 [25]
l. 44 Writing main.idv[53] (main52x.png)
l. 44 Writing main.idv[54] (main53x.png)
 [26]
l. 56 Writing main.idv[55] (main54x.png)
l. 56 Writing main.idv[56] (main55x.png)
 [27]) (../sections/avaliacao-mundo.tex)
(../sections/metodologia.tex
l. 2 Writing main.idv[57] (main56x.png)
l. 2 Writing main.idv[58] (main57x.png)
 [28]
l. 15 Writing main.idv[59] (main58x.png)
l. 15 Writing main.idv[60] (main59x.png)
 [29] (../sections/eda.tex

! LaTeX Error: No counter 'Hfootnote' defined.

See the LaTeX manual or LaTeX Companion for explanation.
Type  H <return>  for immediate help.
 ...                                              
                                                  
l.3 ...e do pacote \lstinline{dplyr}\footnotemark.
                                                   De acordo com \citeonline...

? 
--- file main4.html ---
l. 6 Writing main.idv[61] (main60x.png)
l. 6 Writing main.idv[62] (main61x.png)
[30]
l. 16 Writing main.idv[63] (main62x.png)
l. 16 Writing main.idv[64] (main63x.png)
 [31

]
l. 31 Writing main.idv[65] (main64x.png)
l. 31 Writing main.idv[66] (main65x.png)
 [32]
l. 43 Writing main.idv[67] (main66x.png)
l. 43 Writing main.idv[68] (main67x.png)
 [33]
l. 51 Writing main.idv[69] (main68x.png)
l. 51 Writing main.idv[70] (main69x.png)
 [34]
l. 57 Writing main.idv[71] (main70x.png)
l. 57 Writing main.idv[72] (main71x.png)
 [35]
l. 66 Writing main.idv[73] (main72x.png)
l. 66 Writing main.idv[74] (main73x.png)
 [36]
(../../tabelas/latex-tbl-cursos-por-regiao.tex
l. 38 Writing main.idv[75] (main74x.png)
l. 38 Writing main.idv[76] (main75x.png)
 [37])
l. 85 Writing main.idv[77] (main76x.png)
l. 85 Writing main.idv[78] (main77x.png)
 [38]
l.88 --- TeX4ht warning --- File `"../../graficos/latex-graph-percent-de-cursos
-p-org-acad.xbb"' not found ---
l.88 --- TeX4ht warning --- Cannot determine size of graphic in "../../graficos
/latex-graph-percent-de-cursos-p-org-acad.xbb" (no BoundingBox) ---
l. 88 --- needs --- ../../graficos/latex-graph-percent-de-cursos-p-org-acad-.pn
g ---
l. 93 Writing main.idv[79] (main78x.png)
l. 93 Writing main.idv[80] (main79x.png)
[39]
l.96 --- TeX4ht warning --- File `"../../graficos/latex-graph-percent-de-cursos
-p-cat-adm.xbb"' not found ---
l.96 --- TeX4ht warning --- Cannot determine size of graphic in "../../graficos
/latex-graph-percent-de-cursos-p-cat-adm.xbb" (no BoundingBox) ---
l. 96 --- needs --- ../../graficos/latex-graph-percent-de-cursos-p-cat-adm-.png
 ---
(../../tabelas/latex-tbl-ies-p-cat-adm.tex)

! LaTeX Error: No counter 'Hfootnote' defined.

See the LaTeX manual or LaTeX Companion for explanation.
Type  H <return>  for immediate help.
 ...                                              
                                                  
l.102 ...cursos no obtiveram notas\footnotemark.
                                                   Os demais cursos esto r...

? 
--- file main5.html ---
l.109 --- TeX4ht warning --- File `"../../graficos/latex-graph-cursos-com-conce
ito.xbb"' not found ---
l.109 --- TeX4ht warning --- Cannot determine size of graphic in "../../grafico
s/latex-graph-cursos-com-conceito.xbb" (no BoundingBox) ---
l. 109 --- needs --- ../../graficos/latex-graph-cursos-com-conceito-.png ---
(../../tabelas/latex-tbl-cursos-com-conceito.tex)
l. 117 Writing main.idv[81] (main80x.png)
l. 117 Writing main.idv[82] (main81x.png)
 [40]

! LaTeX Error: No counter 'Hfootnote' defined.

See the LaTeX manual or LaTeX Companion for explanation.
Type  H <return>  for immediate help.
 ...                                              
                                                  
l.118 ...o de dados denominado $k$-NN\footnote{
                                                  Este mtodo encontra-se i...

? 
--- file main6.html ---
(../../tabelas/latex-tbl-sumario-estatistico-com-knn.tex
l. 4 Writing main.idv[83] (main82x.png)
l. 4 Writing main.idv[84] (main83x.png)
 [41])
l. 127 Writing main.idv[85] (main84x.png)
l. 127 Writing main.idv[86] (main85x.png)
 [42])
(../sections/pca.tex

! LaTeX Error: No counter 'Hfootnote' defined.

See the LaTeX manual or LaTeX Companion for explanation.
Type  H <return>  for immediate help.
 ...                                              
                                                  
l.7 ...o uso do pacote \lstinline{psych}\footnote{
                                                  Possui ferramentas estat...

? 
--- file main7.html ---
l. 11 Writing main.idv[87] (main86x.png)
l. 11 Writing main.idv[88] (main87x.png)
[43

]
l. 11 Writing main.idv[89] (main88x.png)
l. 17 Writing main.idv[90] (main89x.png)
l. 27 Writing main.idv[91] (main90x.png)
l. 27 Writing main.idv[92] (main91x.png)
 [44] (../../tabelas/latex-tbl-vars-padronizadas-inep.tex
l. 4 Writing main.idv[93] (main92x.png)
l. 4 Writing main.idv[94] (main93x.png)
 [45]
l. 4 Writing main.idv[95] (main94x.png)
l. 4 Writing main.idv[96] (main95x.png)
 [46

]
l. 21 Writing main.idv[97] (main96x.png)
l. 21 Writing main.idv[98] (main97x.png)

[47

])

! LaTeX Error: No counter 'Hfootnote' defined.

See the LaTeX manual or LaTeX Companion for explanation.
Type  H <return>  for immediate help.
 ...                                              
                                                  
l.43 ...lizada a matriz correlograma\footnotemark~
                                                  da figura \ref{fig: matriz...

? 
--- file main8.html ---
l. 46 Writing main.idv[99] (main98x.png)
l. 46 Writing main.idv[100] (main99x.png)
[48


]
l. 46 Writing main.idv[101] (main100x.png)
l. 46 Writing main.idv[102] (main101x.png)
 [49]
l. 46 Writing main.idv[103] (main102x.png)
l. 46 Writing main.idv[104] (main103x.png)
 [50

]

! LaTeX Error: File `../../graficos/latex-graph-matriz-correlacao' not found.

See the LaTeX manual or LaTeX Companion for explanation.
Type  H <return>  for immediate help.
 ...                                              
                                                  
l.48 ...../graficos/latex-graph-matriz-correlacao}
                                                  
? 
l. 51 Writing main.idv[105] (main104x.png)
l. 51 Writing main.idv[106] (main105x.png)
[51

]
l. 57 Writing main.idv[107] (main106x.png)
l. 57 Writing main.idv[108] (main107x.png)
 [52

]
l. 57 Writing main.idv[109] (main108x.png)
l. 57 Writing main.idv[110] (main109x.png)
 [53

]
l.59 --- TeX4ht warning --- File `"../../graficos/latex-graph-matriz-correlacao
2.xbb"' not found ---
l.59 --- TeX4ht warning --- Cannot determine size of graphic in "../../graficos
/latex-graph-matriz-correlacao2.xbb" (no BoundingBox) ---
l. 59 --- needs --- ../../graficos/latex-graph-matriz-correlacao2-.png ---
l. 62 Writing main.idv[111] (main110x.png)
l. 62 Writing main.idv[112] (main111x.png)
[54

]

! LaTeX Error: No counter 'Hfootnote' defined.

See the LaTeX manual or LaTeX Companion for explanation.
Type  H <return>  for immediate help.
 ...                                              
                                                  
l.65 ...-se da tela do \lstinline{shiny}\footnote{
                                                  Facilitador de visualiza...

? 
--- file main9.html ---

! LaTeX Error: No counter 'Hfootnote' defined.

See the LaTeX manual or LaTeX Companion for explanation.
Type  H <return>  for immediate help.
 ...                                              
                                                  
l.67 ...tter-plot} com combinaes\footnotemark~
                                                   de variveis obtidas pel...

? 
--- file main10.html ---
l. 70 Writing main.idv[113] (main112x.png)
l. 70 Writing main.idv[114] (main113x.png)
[55



]
l. 70 Writing main.idv[115] (main114x.png)
l. 70 Writing main.idv[116] (main115x.png)
 [56

]
l.72 --- TeX4ht warning --- File `"../../graficos/latex-graph-pairs.xbb"' not f
ound ---
l.72 --- TeX4ht warning --- Cannot determine size of graphic in "../../graficos
/latex-graph-pairs.xbb" (no BoundingBox) ---
l. 72 --- needs --- ../../graficos/latex-graph-pairs.png ---
l. 75 Writing main.idv[117] (main116x.png)
l. 75 Writing main.idv[118] (main117x.png)
[57

]

! LaTeX Error: No counter 'Hfootnote' defined.

See the LaTeX manual or LaTeX Companion for explanation.
Type  H <return>  for immediate help.
 ...                                              
                                                  
l.90 ...oma dos \textit{eigenvectors\footnotemark}
                                                  , que  o total de vari...

? 
--- file main11.html ---
l. 93 Writing main.idv[119] (main118x.png)
l. 93 Writing main.idv[120] (main119x.png)
[58

]
l. 93 Writing main.idv[121] (main120x.png)
l. 103 Writing main.idv[122] (main121x.png)
l. 108 Writing main.idv[123] (main122x.png)
l. 108 Writing main.idv[124] (main123x.png)
 [59]
l. 148 Writing main.idv[125] (main124x.png)
l. 148 Writing main.idv[126] (main125x.png)
 [60]
l. 153 Writing main.idv[127] (main126x.png)
l. 153 Writing main.idv[128] (main127x.png)
 [61]
l. 153 Writing main.idv[129] (main128x.png)
l. 153 Writing main.idv[130] (main129x.png)
 [62

]
l.155 --- TeX4ht warning --- File `"../../graficos/latex-graph-scree-plot-pca.x
bb"' not found ---
l.155 --- TeX4ht warning --- Cannot determine size of graphic in "../../grafico
s/latex-graph-scree-plot-pca.xbb" (no BoundingBox) ---
l. 155 --- needs --- ../../graficos/latex-graph-scree-plot-pca-.png ---
l. 158 Writing main.idv[131] (main130x.png)
l. 158 Writing main.idv[132] (main131x.png)
[63

] (../../tabelas/latex-tbl-caracteristicas-dos-componentes.tex
l. 3 Writing main.idv[133] (main132x.png)
l. 3 Writing main.idv[134] (main133x.png)
 [64

]
l. 3 Writing main.idv[135] (main134x.png)
l. 3 Writing main.idv[136] (main135x.png)
 [65

]
l. 34 Writing main.idv[137] (main136x.png)
l. 34 Writing main.idv[138] (main137x.png)

[66

]) (../../tabelas/latex-tbl-loadings-mq-5.tex
l. 3 Writing main.idv[139] (main138x.png)
l. 3 Writing main.idv[140] (main139x.png)
 [67

]
l. 3 Writing main.idv[141] (main140x.png)
l. 3 Writing main.idv[142] (main141x.png)
 [68

]
l. 34 Writing main.idv[143] (main142x.png)
l. 34 Writing main.idv[144] (main143x.png)
 [69

]))
(../sections/fa.tex
l. 5 Writing main.idv[145] (main144x.png)
l. 5 Writing main.idv[146] (main145x.png)
 [70

]
l. 14 Writing main.idv[147] (main146x.png)
l. 14 Writing main.idv[148] (main147x.png)
 [71]
l. 14 Writing main.idv[149] (main148x.png)
l. 14 Writing main.idv[150] (main149x.png)
 [72

]

! LaTeX Error: File `../../graficos/latex-graph-matriz-correlacao' not found.

See the LaTeX manual or LaTeX Companion for explanation.
Type  H <return>  for immediate help.
 ...                                              
                                                  
l.16 ...../graficos/latex-graph-matriz-correlacao}
                                                  
? 
l. 19 Writing main.idv[151] (main150x.png)
l. 19 Writing main.idv[152] (main151x.png)
[73

]
l. 23 Writing main.idv[153] (main152x.png)
l. 23 Writing main.idv[154] (main153x.png)
 [74

]
l. 74 Writing main.idv[155] (main154x.png)
l. 74 Writing main.idv[156] (main155x.png)
 [75]
l. 79 Writing main.idv[157] (main156x.png)
l. 79 Writing main.idv[158] (main157x.png)
 [76]
l. 80 Writing main.idv[159] (main158x.png)
l. 80 Writing main.idv[160] (main159x.png)
 [77]
l. 80 Writing main.idv[161] (main160x.png)
l. 80 Writing main.idv[162] (main161x.png)
 [78

]
l.82 --- TeX4ht warning --- File `"../../graficos/latex-graph-fa-scree-plot.xbb
"' not found ---
l.82 --- TeX4ht warning --- Cannot determine size of graphic in "../../graficos
/latex-graph-fa-scree-plot.xbb" (no BoundingBox) ---
l. 82 --- needs --- ../../graficos/latex-graph-fa-scree-plot-.png ---
l. 85 Writing main.idv[163] (main162x.png)
l. 85 Writing main.idv[164] (main163x.png)
[79

])
l. 23 Writing main.idv[165] (main164x.png)
l. 23 Writing main.idv[166] (main165x.png)
 [80

]) (../sections/resultados.tex
l. 23 Writing main.idv[167] (main166x.png)
l. 23 Writing main.idv[168] (main167x.png)
 [81])
l. 50 Writing main.idv[169] (main168x.png)
l. 50 Writing main.idv[170] (main169x.png)
 [82] (../sections/conclusao.tex
l. 18 Writing main.idv[171] (main170x.png)
l. 18 Writing main.idv[172] (main171x.png)

[83])
l. 54 Writing main.idv[173] (main172x.png)
l. 54 Writing main.idv[174] (main173x.png)
 [84] (./main.bbl
bibitemlist
l. 56 Writing main.idv[175] (main174x.png)
l. 56 Writing main.idv[176] (main175x.png)
[85]
l. 113 Writing main.idv[177] (main176x.png)
l. 113 Writing main.idv[178] (main177x.png)
 [86]) 
AED: lastpage setting LastPage
l. 56 Writing main.idv[179] (main178x.png)
l. 56 Writing main.idv[180] (main179x.png)
[87]
l. 56 Writing main.idv[181] (main180x.png)
l. 56 Writing main.idv[182] (main181x.png)
 [88]
l. 56 Writing main.idv[183] (main182x.png)
l. 56 Writing main.idv[184] (main183x.png)
 [89

]
Package atveryend Info: Empty hook `BeforeClearDocument' on input line 56.
l. 56 Writing main.idv[185] (main184x.png)
l. 56 Writing main.idv[186] (main185x.png)
 [90

]
Package atveryend Info: Executing hook `AfterLastShipout' on input line 56.
\BKM@file=\write7
\openout7 = `main.out.ps'.

 (./main.aux)
Package atveryend Info: Empty hook `AtVeryEndDocument' on input line 56.
Package atveryend Info: Empty hook `AtEndAfterFileList' on input line 56.


LaTeX Warning: There were multiply-defined labels.

Package atveryend Info: Empty hook `AtVeryVeryEnd' on input line 56.
 ) 
Here is how much of TeX's memory you used:
 30849 strings out of 492983
 512916 string characters out of 6134921
 874177 words of memory out of 5000000
 33611 multiletter control sequences out of 15000+600000
 12794 words of font info for 46 fonts, out of 8000000 for 9000
 1141 hyphenation exceptions out of 8191
 69i,10n,63p,1868b,1444s stack positions out of 5000i,500n,10000p,200000b,80000s

Output written on main.dvi (91 pages, 471912 bytes).
